{"/home/travis/build/npmtest/node-npmtest-broken-link-checker/test.js":{"path":"/home/travis/build/npmtest/node-npmtest-broken-link-checker/test.js","s":{"1":2,"2":2,"3":2,"4":2,"5":2,"6":2,"7":2,"8":1,"9":2,"10":2,"11":1,"12":1,"13":1,"14":1,"15":2,"16":2,"17":2,"18":2,"19":1,"20":1,"21":2,"22":2,"23":2,"24":1,"25":1,"26":1,"27":1,"28":1,"29":1,"30":1,"31":1,"32":1,"33":1,"34":1,"35":1,"36":1,"37":1,"38":1,"39":2,"40":2,"41":1,"42":2,"43":2,"44":1,"45":2,"46":2,"47":1,"48":2,"49":2,"50":1,"51":1,"52":1,"53":1,"54":1},"b":{"1":[2,1,1,1],"2":[1,1,1,1],"3":[1,1],"4":[1,1],"5":[1,1],"6":[1,1],"7":[1,1],"8":[1,1],"9":[1,1],"10":[1,1,1],"11":[1,1],"12":[1,1],"13":[1,1],"14":[1,1],"15":[1,1],"16":[1,1],"17":[1,1]},"f":{"1":2,"2":2,"3":2,"4":2,"5":2,"6":1,"7":1,"8":1,"9":2,"10":2,"11":2,"12":2,"13":1},"fnMap":{"1":{"name":"(anonymous_1)","line":12,"loc":{"start":{"line":12,"column":1},"end":{"line":12,"column":13}}},"2":{"name":"(anonymous_2)","line":19,"loc":{"start":{"line":19,"column":5},"end":{"line":19,"column":17}}},"3":{"name":"(anonymous_3)","line":23,"loc":{"start":{"line":23,"column":24},"end":{"line":23,"column":36}}},"4":{"name":"(anonymous_4)","line":61,"loc":{"start":{"line":61,"column":5},"end":{"line":61,"column":17}}},"5":{"name":"(anonymous_5)","line":82,"loc":{"start":{"line":82,"column":5},"end":{"line":82,"column":17}}},"6":{"name":"(anonymous_6)","line":91,"loc":{"start":{"line":91,"column":77},"end":{"line":94,"column":10}}},"7":{"name":"(anonymous_7)","line":112,"loc":{"start":{"line":112,"column":83},"end":{"line":115,"column":10}},"skip":true},"8":{"name":"(anonymous_8)","line":123,"loc":{"start":{"line":123,"column":77},"end":{"line":126,"column":10}},"skip":true},"9":{"name":"(anonymous_9)","line":139,"loc":{"start":{"line":139,"column":12},"end":{"line":139,"column":40}},"skip":true},"10":{"name":"(anonymous_10)","line":147,"loc":{"start":{"line":147,"column":77},"end":{"line":150,"column":10}},"skip":true},"11":{"name":"(anonymous_11)","line":158,"loc":{"start":{"line":158,"column":83},"end":{"line":161,"column":10}},"skip":true},"12":{"name":"(anonymous_12)","line":169,"loc":{"start":{"line":169,"column":79},"end":{"line":172,"column":10}},"skip":true},"13":{"name":"(anonymous_13)","line":180,"loc":{"start":{"line":180,"column":75},"end":{"line":183,"column":10}},"skip":true}},"statementMap":{"1":{"start":{"line":12,"column":0},"end":{"line":195,"column":5}},"2":{"start":{"line":14,"column":4},"end":{"line":14,"column":14}},"3":{"start":{"line":19,"column":4},"end":{"line":56,"column":9}},"4":{"start":{"line":21,"column":8},"end":{"line":21,"column":19}},"5":{"start":{"line":23,"column":8},"end":{"line":35,"column":13}},"6":{"start":{"line":24,"column":12},"end":{"line":34,"column":13}},"7":{"start":{"line":25,"column":16},"end":{"line":28,"column":30}},"8":{"start":{"line":30,"column":16},"end":{"line":33,"column":27}},"9":{"start":{"line":37,"column":8},"end":{"line":39,"column":21}},"10":{"start":{"line":40,"column":8},"end":{"line":53,"column":9}},"11":{"start":{"line":43,"column":12},"end":{"line":46,"column":14}},"12":{"start":{"line":47,"column":12},"end":{"line":47,"column":18}},"13":{"start":{"line":50,"column":12},"end":{"line":51,"column":33}},"14":{"start":{"line":52,"column":12},"end":{"line":52,"column":18}},"15":{"start":{"line":55,"column":8},"end":{"line":55,"column":35}},"16":{"start":{"line":61,"column":4},"end":{"line":63,"column":9}},"17":{"start":{"line":62,"column":8},"end":{"line":62,"column":15}},"18":{"start":{"line":64,"column":4},"end":{"line":77,"column":5}},"19":{"start":{"line":70,"column":8},"end":{"line":70,"column":14}},"20":{"start":{"line":76,"column":8},"end":{"line":76,"column":14}},"21":{"start":{"line":82,"column":4},"end":{"line":84,"column":9}},"22":{"start":{"line":83,"column":8},"end":{"line":83,"column":15}},"23":{"start":{"line":85,"column":4},"end":{"line":194,"column":5}},"24":{"start":{"line":91,"column":8},"end":{"line":99,"column":10}},"25":{"start":{"line":98,"column":12},"end":{"line":98,"column":35}},"26":{"start":{"line":102,"column":8},"end":{"line":104,"column":63}},"27":{"start":{"line":105,"column":8},"end":{"line":105,"column":14}},"28":{"start":{"line":112,"column":8},"end":{"line":121,"column":10},"skip":true},"29":{"start":{"line":119,"column":12},"end":{"line":119,"column":55},"skip":true},"30":{"start":{"line":120,"column":12},"end":{"line":120,"column":48},"skip":true},"31":{"start":{"line":123,"column":8},"end":{"line":136,"column":10},"skip":true},"32":{"start":{"line":130,"column":12},"end":{"line":130,"column":76},"skip":true},"33":{"start":{"line":131,"column":12},"end":{"line":131,"column":73},"skip":true},"34":{"start":{"line":132,"column":12},"end":{"line":132,"column":74},"skip":true},"35":{"start":{"line":133,"column":12},"end":{"line":133,"column":79},"skip":true},"36":{"start":{"line":134,"column":12},"end":{"line":134,"column":25},"skip":true},"37":{"start":{"line":135,"column":12},"end":{"line":135,"column":45},"skip":true},"38":{"start":{"line":138,"column":8},"end":{"line":145,"column":14},"skip":true},"39":{"start":{"line":143,"column":16},"end":{"line":143,"column":29},"skip":true},"40":{"start":{"line":144,"column":16},"end":{"line":144,"column":55},"skip":true},"41":{"start":{"line":147,"column":8},"end":{"line":156,"column":10},"skip":true},"42":{"start":{"line":154,"column":12},"end":{"line":154,"column":25},"skip":true},"43":{"start":{"line":155,"column":12},"end":{"line":155,"column":45},"skip":true},"44":{"start":{"line":158,"column":8},"end":{"line":167,"column":10},"skip":true},"45":{"start":{"line":165,"column":12},"end":{"line":165,"column":25},"skip":true},"46":{"start":{"line":166,"column":12},"end":{"line":166,"column":48},"skip":true},"47":{"start":{"line":169,"column":8},"end":{"line":178,"column":10},"skip":true},"48":{"start":{"line":176,"column":12},"end":{"line":176,"column":25},"skip":true},"49":{"start":{"line":177,"column":12},"end":{"line":177,"column":46},"skip":true},"50":{"start":{"line":180,"column":8},"end":{"line":189,"column":10},"skip":true},"51":{"start":{"line":187,"column":12},"end":{"line":187,"column":94},"skip":true},"52":{"start":{"line":188,"column":12},"end":{"line":188,"column":48},"skip":true},"53":{"start":{"line":192,"column":8},"end":{"line":192,"column":35},"skip":true},"54":{"start":{"line":193,"column":8},"end":{"line":193,"column":14},"skip":true}},"branchMap":{"1":{"line":25,"type":"binary-expr","locations":[{"start":{"line":25,"column":23},"end":{"line":25,"column":62}},{"start":{"line":26,"column":20},"end":{"line":26,"column":70}},{"start":{"line":27,"column":20},"end":{"line":27,"column":71}},{"start":{"line":28,"column":20},"end":{"line":28,"column":29}}]},"2":{"line":30,"type":"binary-expr","locations":[{"start":{"line":30,"column":23},"end":{"line":30,"column":37}},{"start":{"line":31,"column":20},"end":{"line":31,"column":61}},{"start":{"line":32,"column":20},"end":{"line":32,"column":70}},{"start":{"line":33,"column":20},"end":{"line":33,"column":26}}]},"3":{"line":37,"type":"cond-expr","locations":[{"start":{"line":38,"column":14},"end":{"line":38,"column":20}},{"start":{"line":39,"column":14},"end":{"line":39,"column":20}}]},"4":{"line":40,"type":"switch","locations":[{"start":{"line":42,"column":8},"end":{"line":47,"column":18}},{"start":{"line":49,"column":8},"end":{"line":52,"column":18}}]},"5":{"line":44,"type":"binary-expr","locations":[{"start":{"line":44,"column":16},"end":{"line":44,"column":44}},{"start":{"line":44,"column":48},"end":{"line":44,"column":66}}]},"6":{"line":50,"type":"binary-expr","locations":[{"start":{"line":50,"column":21},"end":{"line":50,"column":49}},{"start":{"line":50,"column":53},"end":{"line":50,"column":72}}]},"7":{"line":64,"type":"switch","locations":[{"start":{"line":69,"column":4},"end":{"line":70,"column":14}},{"start":{"line":75,"column":4},"end":{"line":76,"column":14}}]},"8":{"line":85,"type":"switch","locations":[{"start":{"line":90,"column":4},"end":{"line":105,"column":14}},{"start":{"line":111,"column":4},"end":{"line":193,"column":14},"skip":true}]},"9":{"line":91,"type":"binary-expr","locations":[{"start":{"line":91,"column":42},"end":{"line":91,"column":73}},{"start":{"line":91,"column":77},"end":{"line":99,"column":9}}]},"10":{"line":102,"type":"binary-expr","locations":[{"start":{"line":102,"column":18},"end":{"line":102,"column":32}},{"start":{"line":103,"column":12},"end":{"line":103,"column":53}},{"start":{"line":104,"column":12},"end":{"line":104,"column":61}}]},"11":{"line":112,"type":"binary-expr","locations":[{"start":{"line":112,"column":45},"end":{"line":112,"column":79},"skip":true},{"start":{"line":112,"column":83},"end":{"line":121,"column":9},"skip":true}]},"12":{"line":123,"type":"binary-expr","locations":[{"start":{"line":123,"column":42},"end":{"line":123,"column":73},"skip":true},{"start":{"line":123,"column":77},"end":{"line":136,"column":9},"skip":true}]},"13":{"line":138,"type":"binary-expr","locations":[{"start":{"line":138,"column":48},"end":{"line":138,"column":85},"skip":true},{"start":{"line":139,"column":12},"end":{"line":145,"column":13},"skip":true}]},"14":{"line":147,"type":"binary-expr","locations":[{"start":{"line":147,"column":42},"end":{"line":147,"column":73},"skip":true},{"start":{"line":147,"column":77},"end":{"line":156,"column":9},"skip":true}]},"15":{"line":158,"type":"binary-expr","locations":[{"start":{"line":158,"column":45},"end":{"line":158,"column":79},"skip":true},{"start":{"line":158,"column":83},"end":{"line":167,"column":9},"skip":true}]},"16":{"line":169,"type":"binary-expr","locations":[{"start":{"line":169,"column":43},"end":{"line":169,"column":75},"skip":true},{"start":{"line":169,"column":79},"end":{"line":178,"column":9},"skip":true}]},"17":{"line":180,"type":"binary-expr","locations":[{"start":{"line":180,"column":41},"end":{"line":180,"column":71},"skip":true},{"start":{"line":180,"column":75},"end":{"line":189,"column":9},"skip":true}]}},"code":["/* istanbul instrument in package npmtest_broken_link_checker */","/*jslint","    bitwise: true,","    browser: true,","    maxerr: 8,","    maxlen: 96,","    node: true,","    nomen: true,","    regexp: true,","    stupid: true","*/","(function () {","    'use strict';","    var local;","","","","    // run shared js-env code - pre-init","    (function () {","        // init local","        local = {};","        // init modeJs","        local.modeJs = (function () {","            try {","                return typeof navigator.userAgent === 'string' &&","                    typeof document.querySelector('body') === 'object' &&","                    typeof XMLHttpRequest.prototype.open === 'function' &&","                    'browser';","            } catch (errorCaughtBrowser) {","                return module.exports &&","                    typeof process.versions.node === 'string' &&","                    typeof require('http').createServer === 'function' &&","                    'node';","            }","        }());","        // init global","        local.global = local.modeJs === 'browser'","            ? window","            : global;","        switch (local.modeJs) {","        // re-init local from window.local","        case 'browser':","            local = local.global.utility2.objectSetDefault(","                local.global.utility2_rollup || local.global.local,","                local.global.utility2","            );","            break;","        // re-init local from example.js","        case 'node':","            local = (local.global.utility2_rollup || require('utility2'))","                .requireReadme();","            break;","        }","        // export local","        local.global.local = local;","    }());","","","","    // run shared js-env code - function","    (function () {","        return;","    }());","    switch (local.modeJs) {","","","","    // run browser js-env code - function","    case 'browser':","        break;","","","","    // run node js-env code - function","    case 'node':","        break;","    }","","","","    // run shared js-env code - post-init","    (function () {","        return;","    }());","    switch (local.modeJs) {","","","","    // run browser js-env code - post-init","    case 'browser':","        local.testCase_browser_nullCase = local.testCase_browser_nullCase || function (","            options,","            onError","        ) {","        /*","         * this function will test browsers's null-case handling-behavior-behavior","         */","            onError(null, options);","        };","","        // run tests","        local.nop(local.modeTest &&","            document.querySelector('#testRunButton1') &&","            document.querySelector('#testRunButton1').click());","        break;","","","","    // run node js-env code - post-init","    /* istanbul ignore next */","    case 'node':","        local.testCase_buildApidoc_default = local.testCase_buildApidoc_default || function (","            options,","            onError","        ) {","        /*","         * this function will test buildApidoc's default handling-behavior-behavior","         */","            options = { modulePathList: module.paths };","            local.buildApidoc(options, onError);","        };","","        local.testCase_buildApp_default = local.testCase_buildApp_default || function (","            options,","            onError","        ) {","        /*","         * this function will test buildApp's default handling-behavior-behavior","         */","            local.testCase_buildReadme_default(options, local.onErrorThrow);","            local.testCase_buildLib_default(options, local.onErrorThrow);","            local.testCase_buildTest_default(options, local.onErrorThrow);","            local.testCase_buildCustomOrg_default(options, local.onErrorThrow);","            options = [];","            local.buildApp(options, onError);","        };","","        local.testCase_buildCustomOrg_default = local.testCase_buildCustomOrg_default ||","            function (options, onError) {","            /*","             * this function will test buildCustomOrg's default handling-behavior","             */","                options = {};","                local.buildCustomOrg(options, onError);","            };","","        local.testCase_buildLib_default = local.testCase_buildLib_default || function (","            options,","            onError","        ) {","        /*","         * this function will test buildLib's default handling-behavior","         */","            options = {};","            local.buildLib(options, onError);","        };","","        local.testCase_buildReadme_default = local.testCase_buildReadme_default || function (","            options,","            onError","        ) {","        /*","         * this function will test buildReadme's default handling-behavior-behavior","         */","            options = {};","            local.buildReadme(options, onError);","        };","","        local.testCase_buildTest_default = local.testCase_buildTest_default || function (","            options,","            onError","        ) {","        /*","         * this function will test buildTest's default handling-behavior","         */","            options = {};","            local.buildTest(options, onError);","        };","","        local.testCase_webpage_default = local.testCase_webpage_default || function (","            options,","            onError","        ) {","        /*","         * this function will test webpage's default handling-behavior","         */","            options = { modeCoverageMerge: true, url: local.serverLocalHost + '?modeTest=1' };","            local.browserTest(options, onError);","        };","","        // run test-server","        local.testRunServer(local);","        break;","    }","}());",""],"l":{"12":2,"14":2,"19":2,"21":2,"23":2,"24":2,"25":2,"30":1,"37":2,"40":2,"43":1,"47":1,"50":1,"52":1,"55":2,"61":2,"62":2,"64":2,"70":1,"76":1,"82":2,"83":2,"85":2,"91":1,"98":1,"102":1,"105":1,"112":1,"119":1,"120":1,"123":1,"130":1,"131":1,"132":1,"133":1,"134":1,"135":1,"138":1,"143":2,"144":2,"147":1,"154":2,"155":2,"158":1,"165":2,"166":2,"169":1,"176":2,"177":2,"180":1,"187":1,"188":1,"192":1,"193":1}},"/home/travis/build/npmtest/node-npmtest-broken-link-checker/lib.npmtest_broken_link_checker.js":{"path":"/home/travis/build/npmtest/node-npmtest-broken-link-checker/lib.npmtest_broken_link_checker.js","s":{"1":2,"2":2,"3":2,"4":2,"5":2,"6":2,"7":2,"8":1,"9":2,"10":2,"11":2,"12":2,"13":1,"14":1,"15":1,"16":1},"b":{"1":[2,1,1,1],"2":[1,1,1,1],"3":[1,1],"4":[2,2],"5":[1,1]},"f":{"1":2,"2":2,"3":2},"fnMap":{"1":{"name":"(anonymous_1)","line":12,"loc":{"start":{"line":12,"column":1},"end":{"line":12,"column":13}}},"2":{"name":"(anonymous_2)","line":19,"loc":{"start":{"line":19,"column":5},"end":{"line":19,"column":17}}},"3":{"name":"(anonymous_3)","line":23,"loc":{"start":{"line":23,"column":24},"end":{"line":23,"column":36}}}},"statementMap":{"1":{"start":{"line":12,"column":0},"end":{"line":53,"column":5}},"2":{"start":{"line":14,"column":4},"end":{"line":14,"column":14}},"3":{"start":{"line":19,"column":4},"end":{"line":52,"column":9}},"4":{"start":{"line":21,"column":8},"end":{"line":21,"column":19}},"5":{"start":{"line":23,"column":8},"end":{"line":35,"column":13}},"6":{"start":{"line":24,"column":12},"end":{"line":34,"column":13}},"7":{"start":{"line":25,"column":16},"end":{"line":28,"column":30}},"8":{"start":{"line":30,"column":16},"end":{"line":33,"column":27}},"9":{"start":{"line":37,"column":8},"end":{"line":39,"column":21}},"10":{"start":{"line":41,"column":8},"end":{"line":41,"column":54}},"11":{"start":{"line":43,"column":8},"end":{"line":43,"column":64}},"12":{"start":{"line":45,"column":8},"end":{"line":51,"column":9}},"13":{"start":{"line":46,"column":12},"end":{"line":46,"column":70}},"14":{"start":{"line":48,"column":12},"end":{"line":48,"column":35}},"15":{"start":{"line":49,"column":12},"end":{"line":49,"column":49}},"16":{"start":{"line":50,"column":12},"end":{"line":50,"column":43}}},"branchMap":{"1":{"line":25,"type":"binary-expr","locations":[{"start":{"line":25,"column":23},"end":{"line":25,"column":62}},{"start":{"line":26,"column":20},"end":{"line":26,"column":70}},{"start":{"line":27,"column":20},"end":{"line":27,"column":71}},{"start":{"line":28,"column":20},"end":{"line":28,"column":29}}]},"2":{"line":30,"type":"binary-expr","locations":[{"start":{"line":30,"column":23},"end":{"line":30,"column":37}},{"start":{"line":31,"column":20},"end":{"line":31,"column":61}},{"start":{"line":32,"column":20},"end":{"line":32,"column":70}},{"start":{"line":33,"column":20},"end":{"line":33,"column":26}}]},"3":{"line":37,"type":"cond-expr","locations":[{"start":{"line":38,"column":14},"end":{"line":38,"column":20}},{"start":{"line":39,"column":14},"end":{"line":39,"column":20}}]},"4":{"line":41,"type":"binary-expr","locations":[{"start":{"line":41,"column":16},"end":{"line":41,"column":44}},{"start":{"line":41,"column":48},"end":{"line":41,"column":53}}]},"5":{"line":45,"type":"if","locations":[{"start":{"line":45,"column":8},"end":{"line":45,"column":8}},{"start":{"line":45,"column":8},"end":{"line":45,"column":8}}]}},"code":["/* istanbul instrument in package npmtest_broken_link_checker */","/*jslint","    bitwise: true,","    browser: true,","    maxerr: 8,","    maxlen: 96,","    node: true,","    nomen: true,","    regexp: true,","    stupid: true","*/","(function () {","    'use strict';","    var local;","","","","    // run shared js-env code - pre-init","    (function () {","        // init local","        local = {};","        // init modeJs","        local.modeJs = (function () {","            try {","                return typeof navigator.userAgent === 'string' &&","                    typeof document.querySelector('body') === 'object' &&","                    typeof XMLHttpRequest.prototype.open === 'function' &&","                    'browser';","            } catch (errorCaughtBrowser) {","                return module.exports &&","                    typeof process.versions.node === 'string' &&","                    typeof require('http').createServer === 'function' &&","                    'node';","            }","        }());","        // init global","        local.global = local.modeJs === 'browser'","            ? window","            : global;","        // init utility2_rollup","        local = local.global.utility2_rollup || local;","        // init lib","        local.local = local.npmtest_broken_link_checker = local;","        // init exports","        if (local.modeJs === 'browser') {","            local.global.utility2_npmtest_broken_link_checker = local;","        } else {","            module.exports = local;","            module.exports.__dirname = __dirname;","            module.exports.module = module;","        }","    }());","}());",""],"l":{"12":2,"14":2,"19":2,"21":2,"23":2,"24":2,"25":2,"30":1,"37":2,"41":2,"43":2,"45":2,"46":1,"48":1,"49":1,"50":1}},"/home/travis/build/npmtest/node-npmtest-broken-link-checker/example.js":{"path":"/home/travis/build/npmtest/node-npmtest-broken-link-checker/example.js","s":{"1":2,"2":2,"3":2,"4":2,"5":2,"6":2,"7":2,"8":1,"9":2,"10":2,"11":2,"12":2,"13":1,"14":2,"15":2,"16":2,"17":2,"18":2,"19":0,"20":2,"21":1,"22":1,"23":1,"24":1,"25":1,"26":0,"27":0,"28":1,"29":1,"30":2,"31":0,"32":0,"33":0,"34":1,"35":2,"36":2,"37":3,"38":3,"39":3,"40":3,"41":0,"42":3,"43":3,"44":3,"45":1,"46":3,"47":1,"48":1,"49":1,"50":1,"51":1,"52":1,"53":1,"54":1,"55":1,"56":1,"57":0,"58":1,"59":6,"60":6,"61":1,"62":2,"63":0,"64":2,"65":1,"66":1,"67":0,"68":0,"69":0,"70":0,"71":0,"72":0,"73":0,"74":0,"75":0,"76":0,"77":0,"78":0,"79":0,"80":0,"81":0,"82":0,"83":0},"b":{"1":[2,1,1,1],"2":[1,1,1,1],"3":[1,1],"4":[2,2],"5":[1,1],"6":[1,1],"7":[2,0],"8":[2,1,1,1,1,1],"9":[0,2,0],"10":[1,1],"11":[2,1,1],"12":[1,0],"13":[0,2],"14":[2,0,0,0,0,0,0],"15":[0,3],"16":[3,0],"17":[1,1],"18":[0,1],"19":[1,2,0,2],"20":[1,0],"21":[1,1],"22":[0,0],"23":[0,0],"24":[0,0],"25":[0,0],"26":[0,0],"27":[0,0],"28":[0,0]},"f":{"1":2,"2":2,"3":2,"4":2,"5":2,"6":2,"7":3,"8":3,"9":3,"10":1,"11":6,"12":0},"fnMap":{"1":{"name":"(anonymous_1)","line":26,"loc":{"start":{"line":26,"column":1},"end":{"line":26,"column":13}}},"2":{"name":"(anonymous_2)","line":33,"loc":{"start":{"line":33,"column":5},"end":{"line":33,"column":17}}},"3":{"name":"(anonymous_3)","line":37,"loc":{"start":{"line":37,"column":24},"end":{"line":37,"column":36}}},"4":{"name":"(anonymous_4)","line":69,"loc":{"start":{"line":69,"column":31},"end":{"line":69,"column":48}},"skip":true},"5":{"name":"(anonymous_5)","line":78,"loc":{"start":{"line":78,"column":26},"end":{"line":78,"column":45}},"skip":true},"6":{"name":"(anonymous_6)","line":123,"loc":{"start":{"line":123,"column":33},"end":{"line":123,"column":48}},"skip":true},"7":{"name":"(anonymous_7)","line":125,"loc":{"start":{"line":125,"column":27},"end":{"line":125,"column":39}},"skip":true},"8":{"name":"(anonymous_8)","line":133,"loc":{"start":{"line":133,"column":59},"end":{"line":133,"column":74}},"skip":true},"9":{"name":"(anonymous_9)","line":143,"loc":{"start":{"line":143,"column":45},"end":{"line":143,"column":62}},"skip":true},"10":{"name":"(anonymous_10)","line":144,"loc":{"start":{"line":144,"column":73},"end":{"line":144,"column":92}},"skip":true},"11":{"name":"(anonymous_11)","line":272,"loc":{"start":{"line":272,"column":51},"end":{"line":272,"column":77}},"skip":true},"12":{"name":"(anonymous_12)","line":315,"loc":{"start":{"line":315,"column":32},"end":{"line":315,"column":61}},"skip":true}},"statementMap":{"1":{"start":{"line":26,"column":0},"end":{"line":326,"column":5}},"2":{"start":{"line":28,"column":4},"end":{"line":28,"column":14}},"3":{"start":{"line":33,"column":4},"end":{"line":60,"column":9}},"4":{"start":{"line":35,"column":8},"end":{"line":35,"column":19}},"5":{"start":{"line":37,"column":8},"end":{"line":49,"column":13}},"6":{"start":{"line":38,"column":12},"end":{"line":48,"column":13}},"7":{"start":{"line":39,"column":16},"end":{"line":42,"column":30}},"8":{"start":{"line":44,"column":16},"end":{"line":47,"column":27}},"9":{"start":{"line":51,"column":8},"end":{"line":53,"column":21}},"10":{"start":{"line":55,"column":8},"end":{"line":57,"column":45}},"11":{"start":{"line":59,"column":8},"end":{"line":59,"column":35}},"12":{"start":{"line":61,"column":4},"end":{"line":325,"column":5}},"13":{"start":{"line":69,"column":8},"end":{"line":121,"column":10},"skip":true},"14":{"start":{"line":70,"column":12},"end":{"line":88,"column":13},"skip":true},"15":{"start":{"line":76,"column":16},"end":{"line":87,"column":19},"skip":true},"16":{"start":{"line":79,"column":20},"end":{"line":86,"column":21},"skip":true},"17":{"start":{"line":82,"column":24},"end":{"line":82,"column":43},"skip":true},"18":{"start":{"line":83,"column":24},"end":{"line":83,"column":30},"skip":true},"19":{"start":{"line":85,"column":24},"end":{"line":85,"column":49},"skip":true},"20":{"start":{"line":89,"column":12},"end":{"line":107,"column":13},"skip":true},"21":{"start":{"line":92,"column":16},"end":{"line":102,"column":17},"skip":true},"22":{"start":{"line":93,"column":20},"end":{"line":93,"column":86},"skip":true},"23":{"start":{"line":94,"column":20},"end":{"line":95,"column":45},"skip":true},"24":{"start":{"line":96,"column":20},"end":{"line":96,"column":42},"skip":true},"25":{"start":{"line":97,"column":20},"end":{"line":97,"column":48},"skip":true},"26":{"start":{"line":100,"column":20},"end":{"line":100,"column":85},"skip":true},"27":{"start":{"line":101,"column":20},"end":{"line":101,"column":96},"skip":true},"28":{"start":{"line":103,"column":16},"end":{"line":103,"column":22},"skip":true},"29":{"start":{"line":106,"column":16},"end":{"line":106,"column":22},"skip":true},"30":{"start":{"line":108,"column":12},"end":{"line":120,"column":13},"skip":true},"31":{"start":{"line":114,"column":16},"end":{"line":119,"column":17},"skip":true},"32":{"start":{"line":116,"column":20},"end":{"line":116,"column":78},"skip":true},"33":{"start":{"line":118,"column":20},"end":{"line":118,"column":47},"skip":true},"34":{"start":{"line":123,"column":8},"end":{"line":141,"column":11},"skip":true},"35":{"start":{"line":124,"column":12},"end":{"line":124,"column":54},"skip":true},"36":{"start":{"line":125,"column":12},"end":{"line":140,"column":14},"skip":true},"37":{"start":{"line":126,"column":16},"end":{"line":126,"column":28},"skip":true},"38":{"start":{"line":127,"column":16},"end":{"line":127,"column":69},"skip":true},"39":{"start":{"line":128,"column":16},"end":{"line":128,"column":75},"skip":true},"40":{"start":{"line":129,"column":16},"end":{"line":131,"column":17},"skip":true},"41":{"start":{"line":130,"column":20},"end":{"line":130,"column":27},"skip":true},"42":{"start":{"line":133,"column":16},"end":{"line":137,"column":36},"skip":true},"43":{"start":{"line":134,"column":20},"end":{"line":136,"column":55},"skip":true},"44":{"start":{"line":139,"column":16},"end":{"line":139,"column":57},"skip":true},"45":{"start":{"line":143,"column":8},"end":{"line":147,"column":11},"skip":true},"46":{"start":{"line":144,"column":12},"end":{"line":146,"column":15},"skip":true},"47":{"start":{"line":145,"column":16},"end":{"line":145,"column":70},"skip":true},"48":{"start":{"line":149,"column":8},"end":{"line":149,"column":31},"skip":true},"49":{"start":{"line":150,"column":8},"end":{"line":150,"column":14},"skip":true},"50":{"start":{"line":158,"column":8},"end":{"line":158,"column":31},"skip":true},"51":{"start":{"line":160,"column":8},"end":{"line":160,"column":33},"skip":true},"52":{"start":{"line":161,"column":8},"end":{"line":161,"column":37},"skip":true},"53":{"start":{"line":162,"column":8},"end":{"line":162,"column":35},"skip":true},"54":{"start":{"line":164,"column":8},"end":{"line":164,"column":50},"skip":true},"55":{"start":{"line":166,"column":8},"end":{"line":256,"column":2},"skip":true},"56":{"start":{"line":258,"column":8},"end":{"line":286,"column":9},"skip":true},"57":{"start":{"line":259,"column":12},"end":{"line":269,"column":14},"skip":true},"58":{"start":{"line":271,"column":12},"end":{"line":285,"column":19},"skip":true},"59":{"start":{"line":274,"column":20},"end":{"line":274,"column":35},"skip":true},"60":{"start":{"line":275,"column":20},"end":{"line":284,"column":21},"skip":true},"61":{"start":{"line":277,"column":24},"end":{"line":277,"column":64},"skip":true},"62":{"start":{"line":279,"column":24},"end":{"line":279,"column":40},"skip":true},"63":{"start":{"line":281,"column":24},"end":{"line":281,"column":40},"skip":true},"64":{"start":{"line":283,"column":24},"end":{"line":283,"column":39},"skip":true},"65":{"start":{"line":288,"column":8},"end":{"line":290,"column":9},"skip":true},"66":{"start":{"line":289,"column":12},"end":{"line":289,"column":18},"skip":true},"67":{"start":{"line":291,"column":8},"end":{"line":293,"column":54},"skip":true},"68":{"start":{"line":296,"column":8},"end":{"line":301,"column":37},"skip":true},"69":{"start":{"line":303,"column":8},"end":{"line":303,"column":82},"skip":true},"70":{"start":{"line":306,"column":8},"end":{"line":308,"column":9},"skip":true},"71":{"start":{"line":307,"column":12},"end":{"line":307,"column":82},"skip":true},"72":{"start":{"line":310,"column":8},"end":{"line":312,"column":9},"skip":true},"73":{"start":{"line":311,"column":12},"end":{"line":311,"column":18},"skip":true},"74":{"start":{"line":313,"column":8},"end":{"line":313,"column":54},"skip":true},"75":{"start":{"line":314,"column":8},"end":{"line":314,"column":69},"skip":true},"76":{"start":{"line":315,"column":8},"end":{"line":323,"column":36},"skip":true},"77":{"start":{"line":316,"column":12},"end":{"line":316,"column":61},"skip":true},"78":{"start":{"line":317,"column":12},"end":{"line":320,"column":13},"skip":true},"79":{"start":{"line":318,"column":16},"end":{"line":318,"column":75},"skip":true},"80":{"start":{"line":319,"column":16},"end":{"line":319,"column":23},"skip":true},"81":{"start":{"line":321,"column":12},"end":{"line":321,"column":38},"skip":true},"82":{"start":{"line":322,"column":12},"end":{"line":322,"column":27},"skip":true},"83":{"start":{"line":324,"column":8},"end":{"line":324,"column":14},"skip":true}},"branchMap":{"1":{"line":39,"type":"binary-expr","locations":[{"start":{"line":39,"column":23},"end":{"line":39,"column":62}},{"start":{"line":40,"column":20},"end":{"line":40,"column":70}},{"start":{"line":41,"column":20},"end":{"line":41,"column":71}},{"start":{"line":42,"column":20},"end":{"line":42,"column":29}}]},"2":{"line":44,"type":"binary-expr","locations":[{"start":{"line":44,"column":23},"end":{"line":44,"column":37}},{"start":{"line":45,"column":20},"end":{"line":45,"column":61}},{"start":{"line":46,"column":20},"end":{"line":46,"column":70}},{"start":{"line":47,"column":20},"end":{"line":47,"column":26}}]},"3":{"line":51,"type":"cond-expr","locations":[{"start":{"line":52,"column":14},"end":{"line":52,"column":20}},{"start":{"line":53,"column":14},"end":{"line":53,"column":20}}]},"4":{"line":55,"type":"binary-expr","locations":[{"start":{"line":55,"column":16},"end":{"line":55,"column":44}},{"start":{"line":55,"column":49},"end":{"line":57,"column":43}}]},"5":{"line":55,"type":"cond-expr","locations":[{"start":{"line":56,"column":14},"end":{"line":56,"column":63}},{"start":{"line":57,"column":14},"end":{"line":57,"column":43}}]},"6":{"line":61,"type":"switch","locations":[{"start":{"line":68,"column":4},"end":{"line":150,"column":14},"skip":true},{"start":{"line":156,"column":4},"end":{"line":324,"column":14},"skip":true}]},"7":{"line":70,"type":"if","locations":[{"start":{"line":70,"column":12},"end":{"line":70,"column":12},"skip":true},{"start":{"line":70,"column":12},"end":{"line":70,"column":12},"skip":true}]},"8":{"line":70,"type":"binary-expr","locations":[{"start":{"line":70,"column":16},"end":{"line":70,"column":22},"skip":true},{"start":{"line":70,"column":27},"end":{"line":70,"column":32},"skip":true},{"start":{"line":71,"column":20},"end":{"line":71,"column":39},"skip":true},{"start":{"line":72,"column":20},"end":{"line":72,"column":49},"skip":true},{"start":{"line":73,"column":20},"end":{"line":73,"column":58},"skip":true},{"start":{"line":74,"column":20},"end":{"line":74,"column":69},"skip":true}]},"9":{"line":79,"type":"switch","locations":[{"start":{"line":80,"column":20},"end":{"line":80,"column":33},"skip":true},{"start":{"line":81,"column":20},"end":{"line":83,"column":30},"skip":true},{"start":{"line":84,"column":20},"end":{"line":85,"column":49},"skip":true}]},"10":{"line":89,"type":"switch","locations":[{"start":{"line":90,"column":12},"end":{"line":103,"column":22},"skip":true},{"start":{"line":105,"column":12},"end":{"line":106,"column":22},"skip":true}]},"11":{"line":89,"type":"binary-expr","locations":[{"start":{"line":89,"column":20},"end":{"line":89,"column":25},"skip":true},{"start":{"line":89,"column":29},"end":{"line":89,"column":48},"skip":true},{"start":{"line":89,"column":52},"end":{"line":89,"column":74},"skip":true}]},"12":{"line":92,"type":"if","locations":[{"start":{"line":92,"column":16},"end":{"line":92,"column":16},"skip":true},{"start":{"line":92,"column":16},"end":{"line":92,"column":16},"skip":true}]},"13":{"line":108,"type":"if","locations":[{"start":{"line":108,"column":12},"end":{"line":108,"column":12},"skip":true},{"start":{"line":108,"column":12},"end":{"line":108,"column":12},"skip":true}]},"14":{"line":108,"type":"binary-expr","locations":[{"start":{"line":108,"column":16},"end":{"line":108,"column":61},"skip":true},{"start":{"line":108,"column":66},"end":{"line":108,"column":72},"skip":true},{"start":{"line":108,"column":77},"end":{"line":108,"column":82},"skip":true},{"start":{"line":109,"column":20},"end":{"line":109,"column":39},"skip":true},{"start":{"line":110,"column":20},"end":{"line":110,"column":49},"skip":true},{"start":{"line":111,"column":20},"end":{"line":111,"column":58},"skip":true},{"start":{"line":112,"column":20},"end":{"line":112,"column":68},"skip":true}]},"15":{"line":129,"type":"if","locations":[{"start":{"line":129,"column":16},"end":{"line":129,"column":16},"skip":true},{"start":{"line":129,"column":16},"end":{"line":129,"column":16},"skip":true}]},"16":{"line":134,"type":"cond-expr","locations":[{"start":{"line":135,"column":26},"end":{"line":135,"column":29},"skip":true},{"start":{"line":136,"column":26},"end":{"line":136,"column":54},"skip":true}]},"17":{"line":164,"type":"binary-expr","locations":[{"start":{"line":164,"column":27},"end":{"line":164,"column":43},"skip":true},{"start":{"line":164,"column":47},"end":{"line":164,"column":49},"skip":true}]},"18":{"line":258,"type":"if","locations":[{"start":{"line":258,"column":8},"end":{"line":258,"column":8},"skip":true},{"start":{"line":258,"column":8},"end":{"line":258,"column":8},"skip":true}]},"19":{"line":275,"type":"switch","locations":[{"start":{"line":276,"column":20},"end":{"line":277,"column":64},"skip":true},{"start":{"line":278,"column":20},"end":{"line":279,"column":40},"skip":true},{"start":{"line":280,"column":20},"end":{"line":281,"column":40},"skip":true},{"start":{"line":282,"column":20},"end":{"line":283,"column":39},"skip":true}]},"20":{"line":288,"type":"if","locations":[{"start":{"line":288,"column":8},"end":{"line":288,"column":8},"skip":true},{"start":{"line":288,"column":8},"end":{"line":288,"column":8},"skip":true}]},"21":{"line":288,"type":"binary-expr","locations":[{"start":{"line":288,"column":12},"end":{"line":288,"column":40},"skip":true},{"start":{"line":288,"column":44},"end":{"line":288,"column":67},"skip":true}]},"22":{"line":292,"type":"binary-expr","locations":[{"start":{"line":292,"column":12},"end":{"line":292,"column":50},"skip":true},{"start":{"line":293,"column":12},"end":{"line":293,"column":53},"skip":true}]},"23":{"line":297,"type":"binary-expr","locations":[{"start":{"line":297,"column":12},"end":{"line":297,"column":77},"skip":true},{"start":{"line":298,"column":12},"end":{"line":301,"column":36},"skip":true}]},"24":{"line":303,"type":"binary-expr","locations":[{"start":{"line":303,"column":43},"end":{"line":303,"column":75},"skip":true},{"start":{"line":303,"column":79},"end":{"line":303,"column":81},"skip":true}]},"25":{"line":306,"type":"if","locations":[{"start":{"line":306,"column":8},"end":{"line":306,"column":8},"skip":true},{"start":{"line":306,"column":8},"end":{"line":306,"column":8},"skip":true}]},"26":{"line":310,"type":"if","locations":[{"start":{"line":310,"column":8},"end":{"line":310,"column":8},"skip":true},{"start":{"line":310,"column":8},"end":{"line":310,"column":8},"skip":true}]},"27":{"line":313,"type":"binary-expr","locations":[{"start":{"line":313,"column":27},"end":{"line":313,"column":43},"skip":true},{"start":{"line":313,"column":47},"end":{"line":313,"column":53},"skip":true}]},"28":{"line":317,"type":"if","locations":[{"start":{"line":317,"column":12},"end":{"line":317,"column":12},"skip":true},{"start":{"line":317,"column":12},"end":{"line":317,"column":12},"skip":true}]}},"code":["/*","example.js","","quickstart example","","instruction","    1. save this script as example.js","    2. run the shell command:","        $ npm install npmtest-broken-link-checker && PORT=8081 node example.js","    3. play with the browser-demo on http://127.0.0.1:8081","*/","","","","/* istanbul instrument in package npmtest_broken_link_checker */","/*jslint","    bitwise: true,","    browser: true,","    maxerr: 8,","    maxlen: 96,","    node: true,","    nomen: true,","    regexp: true,","    stupid: true","*/","(function () {","    'use strict';","    var local;","","","","    // run shared js-env code - pre-init","    (function () {","        // init local","        local = {};","        // init modeJs","        local.modeJs = (function () {","            try {","                return typeof navigator.userAgent === 'string' &&","                    typeof document.querySelector('body') === 'object' &&","                    typeof XMLHttpRequest.prototype.open === 'function' &&","                    'browser';","            } catch (errorCaughtBrowser) {","                return module.exports &&","                    typeof process.versions.node === 'string' &&","                    typeof require('http').createServer === 'function' &&","                    'node';","            }","        }());","        // init global","        local.global = local.modeJs === 'browser'","            ? window","            : global;","        // init utility2_rollup","        local = local.global.utility2_rollup || (local.modeJs === 'browser'","            ? local.global.utility2_npmtest_broken_link_checker","            : global.utility2_moduleExports);","        // export local","        local.global.local = local;","    }());","    switch (local.modeJs) {","","","","    // post-init","    // run browser js-env code - post-init","    /* istanbul ignore next */","    case 'browser':","        local.testRunBrowser = function (event) {","            if (!event || (event &&","                    event.currentTarget &&","                    event.currentTarget.className &&","                    event.currentTarget.className.includes &&","                    event.currentTarget.className.includes('onreset'))) {","                // reset output","                Array.from(","                    document.querySelectorAll('body > .resettable')","                ).forEach(function (element) {","                    switch (element.tagName) {","                    case 'INPUT':","                    case 'TEXTAREA':","                        element.value = '';","                        break;","                    default:","                        element.textContent = '';","                    }","                });","            }","            switch (event && event.currentTarget && event.currentTarget.id) {","            case 'testRunButton1':","                // show tests","                if (document.querySelector('#testReportDiv1').style.display === 'none') {","                    document.querySelector('#testReportDiv1').style.display = 'block';","                    document.querySelector('#testRunButton1').textContent =","                        'hide internal test';","                    local.modeTest = true;","                    local.testRunDefault(local);","                // hide tests","                } else {","                    document.querySelector('#testReportDiv1').style.display = 'none';","                    document.querySelector('#testRunButton1').textContent = 'run internal test';","                }","                break;","            // custom-case","            default:","                break;","            }","            if (document.querySelector('#inputTextareaEval1') && (!event || (event &&","                    event.currentTarget &&","                    event.currentTarget.className &&","                    event.currentTarget.className.includes &&","                    event.currentTarget.className.includes('oneval')))) {","                // try to eval input-code","                try {","                    /*jslint evil: true*/","                    eval(document.querySelector('#inputTextareaEval1').value);","                } catch (errorCaught) {","                    console.error(errorCaught);","                }","            }","        };","        // log stderr and stdout to #outputTextareaStdout1","        ['error', 'log'].forEach(function (key) {","            console[key + '_original'] = console[key];","            console[key] = function () {","                var element;","                console[key + '_original'].apply(console, arguments);","                element = document.querySelector('#outputTextareaStdout1');","                if (!element) {","                    return;","                }","                // append text to #outputTextareaStdout1","                element.value += Array.from(arguments).map(function (arg) {","                    return typeof arg === 'string'","                        ? arg","                        : JSON.stringify(arg, null, 4);","                }).join(' ') + '\\n';","                // scroll textarea to bottom","                element.scrollTop = element.scrollHeight;","            };","        });","        // init event-handling","        ['change', 'click', 'keyup'].forEach(function (event) {","            Array.from(document.querySelectorAll('.on' + event)).forEach(function (element) {","                element.addEventListener(event, local.testRunBrowser);","            });","        });","        // run tests","        local.testRunBrowser();","        break;","","","","    // run node js-env code - post-init","    /* istanbul ignore next */","    case 'node':","        // export local","        module.exports = local;","        // require modules","        local.fs = require('fs');","        local.http = require('http');","        local.url = require('url');","        // init assets","        local.assetsDict = local.assetsDict || {};","        /* jslint-ignore-begin */","        local.assetsDict['/assets.index.template.html'] = '\\","<!doctype html>\\n\\","<html lang=\"en\">\\n\\","<head>\\n\\","<meta charset=\"UTF-8\">\\n\\","<meta name=\"viewport\" content=\"width=device-width, initial-scale=1\">\\n\\","<title>{{env.npm_package_name}} (v{{env.npm_package_version}})</title>\\n\\","<style>\\n\\","/*csslint\\n\\","    box-sizing: false,\\n\\","    universal-selector: false\\n\\","*/\\n\\","* {\\n\\","    box-sizing: border-box;\\n\\","}\\n\\","body {\\n\\","    background: #dde;\\n\\","    font-family: Arial, Helvetica, sans-serif;\\n\\","    margin: 2rem;\\n\\","}\\n\\","body > * {\\n\\","    margin-bottom: 1rem;\\n\\","}\\n\\",".utility2FooterDiv {\\n\\","    margin-top: 20px;\\n\\","    text-align: center;\\n\\","}\\n\\","</style>\\n\\","<style>\\n\\","/*csslint\\n\\","*/\\n\\","textarea {\\n\\","    font-family: monospace;\\n\\","    height: 10rem;\\n\\","    width: 100%;\\n\\","}\\n\\","textarea[readonly] {\\n\\","    background: #ddd;\\n\\","}\\n\\","</style>\\n\\","</head>\\n\\","<body>\\n\\","<!-- utility2-comment\\n\\","<div id=\"ajaxProgressDiv1\" style=\"background: #d00; height: 2px; left: 0; margin: 0; padding: 0; position: fixed; top: 0; transition: background 0.5s, width 1.5s; width: 25%;\"></div>\\n\\","utility2-comment -->\\n\\","<h1>\\n\\","<!-- utility2-comment\\n\\","    <a\\n\\","        {{#if env.npm_package_homepage}}\\n\\","        href=\"{{env.npm_package_homepage}}\"\\n\\","        {{/if env.npm_package_homepage}}\\n\\","        target=\"_blank\"\\n\\","    >\\n\\","utility2-comment -->\\n\\","        {{env.npm_package_name}} (v{{env.npm_package_version}})\\n\\","<!-- utility2-comment\\n\\","    </a>\\n\\","utility2-comment -->\\n\\","</h1>\\n\\","<h3>{{env.npm_package_description}}</h3>\\n\\","<!-- utility2-comment\\n\\","<h4><a download href=\"assets.app.js\">download standalone app</a></h4>\\n\\","<button class=\"onclick onreset\" id=\"testRunButton1\">run internal test</button><br>\\n\\","<div id=\"testReportDiv1\" style=\"display: none;\"></div>\\n\\","utility2-comment -->\\n\\","\\n\\","\\n\\","\\n\\","<label>stderr and stdout</label>\\n\\","<textarea class=\"resettable\" id=\"outputTextareaStdout1\" readonly></textarea>\\n\\","<!-- utility2-comment\\n\\","{{#if isRollup}}\\n\\","<script src=\"assets.app.js\"></script>\\n\\","{{#unless isRollup}}\\n\\","utility2-comment -->\\n\\","<script src=\"assets.utility2.rollup.js\"></script>\\n\\","<script src=\"jsonp.utility2._stateInit?callback=window.utility2._stateInit\"></script>\\n\\","<script src=\"assets.npmtest_broken_link_checker.rollup.js\"></script>\\n\\","<script src=\"assets.example.js\"></script>\\n\\","<script src=\"assets.test.js\"></script>\\n\\","<!-- utility2-comment\\n\\","{{/if isRollup}}\\n\\","utility2-comment -->\\n\\","<div class=\"utility2FooterDiv\">\\n\\","    [ this app was created with\\n\\","    <a href=\"https://github.com/kaizhu256/node-utility2\" target=\"_blank\">utility2</a>\\n\\","    ]\\n\\","</div>\\n\\","</body>\\n\\","</html>\\n\\","';","        /* jslint-ignore-end */","        if (local.templateRender) {","            local.assetsDict['/'] = local.templateRender(","                local.assetsDict['/assets.index.template.html'],","                {","                    env: local.objectSetDefault(local.env, {","                        npm_package_description: 'the greatest app in the world!',","                        npm_package_name: 'my-app',","                        npm_package_nameAlias: 'my_app',","                        npm_package_version: '0.0.1'","                    })","                }","            );","        } else {","            local.assetsDict['/'] = local.assetsDict['/assets.index.template.html']","                .replace((/\\{\\{env\\.(\\w+?)\\}\\}/g), function (match0, match1) {","                    // jslint-hack","                    String(match0);","                    switch (match1) {","                    case 'npm_package_description':","                        return 'the greatest app in the world!';","                    case 'npm_package_name':","                        return 'my-app';","                    case 'npm_package_nameAlias':","                        return 'my_app';","                    case 'npm_package_version':","                        return '0.0.1';","                    }","                });","        }","        // run the cli","        if (local.global.utility2_rollup || module !== require.main) {","            break;","        }","        local.assetsDict['/assets.example.js'] =","            local.assetsDict['/assets.example.js'] ||","            local.fs.readFileSync(__filename, 'utf8');","        // bug-workaround - long $npm_package_buildCustomOrg","        /* jslint-ignore-begin */","        local.assetsDict['/assets.npmtest_broken_link_checker.rollup.js'] =","            local.assetsDict['/assets.npmtest_broken_link_checker.rollup.js'] ||","            local.fs.readFileSync(","                local.npmtest_broken_link_checker.__dirname + '/lib.npmtest_broken_link_checker.js',","                'utf8'","            ).replace((/^#!/), '//');","        /* jslint-ignore-end */","        local.assetsDict['/favicon.ico'] = local.assetsDict['/favicon.ico'] || '';","        // if $npm_config_timeout_exit exists,","        // then exit this process after $npm_config_timeout_exit ms","        if (Number(process.env.npm_config_timeout_exit)) {","            setTimeout(process.exit, Number(process.env.npm_config_timeout_exit));","        }","        // start server","        if (local.global.utility2_serverHttp1) {","            break;","        }","        process.env.PORT = process.env.PORT || '8081';","        console.error('server starting on port ' + process.env.PORT);","        local.http.createServer(function (request, response) {","            request.urlParsed = local.url.parse(request.url);","            if (local.assetsDict[request.urlParsed.pathname] !== undefined) {","                response.end(local.assetsDict[request.urlParsed.pathname]);","                return;","            }","            response.statusCode = 404;","            response.end();","        }).listen(process.env.PORT);","        break;","    }","}());",""],"l":{"26":2,"28":2,"33":2,"35":2,"37":2,"38":2,"39":2,"44":1,"51":2,"55":2,"59":2,"61":2,"69":1,"70":2,"76":2,"79":2,"82":2,"83":2,"85":1,"89":2,"92":1,"93":1,"94":1,"96":1,"97":1,"100":1,"101":1,"103":1,"106":1,"108":2,"114":1,"116":1,"118":1,"123":1,"124":2,"125":2,"126":3,"127":3,"128":3,"129":3,"130":1,"133":3,"134":3,"139":3,"143":1,"144":3,"145":1,"149":1,"150":1,"158":1,"160":1,"161":1,"162":1,"164":1,"166":1,"258":1,"259":1,"271":1,"274":6,"275":6,"277":1,"279":2,"281":1,"283":2,"288":1,"289":1,"291":1,"296":1,"303":1,"306":1,"307":1,"310":1,"311":1,"313":1,"314":1,"315":1,"316":1,"317":1,"318":1,"319":1,"321":1,"322":1,"324":1}},"/home/travis/build/npmtest/node-npmtest-broken-link-checker/node_modules/broken-link-checker/lib/index.js":{"path":"/home/travis/build/npmtest/node-npmtest-broken-link-checker/node_modules/broken-link-checker/lib/index.js","s":{"1":1,"2":1,"3":1,"4":131,"5":1},"b":{},"f":{},"fnMap":{},"statementMap":{"1":{"start":{"line":2,"column":0},"end":{"line":2,"column":53}},"2":{"start":{"line":6,"column":0},"end":{"line":12,"column":2}},"3":{"start":{"line":16,"column":0},"end":{"line":19,"column":1}},"4":{"start":{"line":18,"column":1},"end":{"line":18,"column":21}},"5":{"start":{"line":23,"column":0},"end":{"line":23,"column":21}}},"branchMap":{},"code":["\"use strict\";","var reasons = require(\"./internal/messages\").reasons;","","","","var blc = ","{","\tHtmlChecker:    require(\"./public/HtmlChecker\"),","\tHtmlUrlChecker: require(\"./public/HtmlUrlChecker\"),","\tSiteChecker:    require(\"./public/SiteChecker\"),","\tUrlChecker:     require(\"./public/UrlChecker\")","};","","","","for (var i in reasons)","{","\tblc[i] = reasons[i];","}","","","","module.exports = blc;",""],"l":{"2":1,"6":1,"16":1,"18":131,"23":1}},"/home/travis/build/npmtest/node-npmtest-broken-link-checker/node_modules/broken-link-checker/lib/internal/messages.js":{"path":"/home/travis/build/npmtest/node-npmtest-broken-link-checker/node_modules/broken-link-checker/lib/internal/messages.js","s":{"1":1,"2":1,"3":1,"4":1,"5":0,"6":0,"7":1,"8":1,"9":59,"10":1,"11":62,"12":1},"b":{"1":[0,0]},"f":{"1":0},"fnMap":{"1":{"name":"(anonymous_1)","line":9,"loc":{"start":{"line":9,"column":16},"end":{"line":10,"column":1}}}},"statementMap":{"1":{"start":{"line":2,"column":0},"end":{"line":2,"column":34}},"2":{"start":{"line":3,"column":0},"end":{"line":3,"column":47}},"3":{"start":{"line":5,"column":0},"end":{"line":5,"column":6}},"4":{"start":{"line":7,"column":0},"end":{"line":15,"column":2}},"5":{"start":{"line":11,"column":2},"end":{"line":11,"column":42}},"6":{"start":{"line":12,"column":2},"end":{"line":12,"column":51}},"7":{"start":{"line":17,"column":0},"end":{"line":32,"column":2}},"8":{"start":{"line":36,"column":0},"end":{"line":39,"column":1}},"9":{"start":{"line":38,"column":1},"end":{"line":38,"column":56}},"10":{"start":{"line":43,"column":0},"end":{"line":46,"column":1}},"11":{"start":{"line":45,"column":1},"end":{"line":45,"column":49}},"12":{"start":{"line":50,"column":0},"end":{"line":54,"column":2}}},"branchMap":{"1":{"line":11,"type":"cond-expr","locations":[{"start":{"line":11,"column":22},"end":{"line":11,"column":26}},{"start":{"line":11,"column":29},"end":{"line":11,"column":41}}]}},"code":["\"use strict\";","var errno = require(\"errno\").code;","var statusCodes = require(\"http\").STATUS_CODES;","","var i;","","var errors = ","{","\tEXPECTED_HTML: function(type)","\t{","\t\ttype = type==null ? type : '\"'+type+'\"';","\t\treturn 'Expected type \"text/html\" but got '+type;","\t},","\tHTML_RETRIEVAL: \"HTML could not be retrieved\"","};","","var reasons =","{","\t//BLC_CUSTOM: \"Custom Exclusion\",","\tBLC_EXTERNAL: \"External URL Exclusion\",","\tBLC_INTERNAL: \"Internal URL Exclusion\",","\tBLC_HTML: \"HTML Exclusion\",","\tBLC_INVALID: \"Invalid URL\",","\tBLC_KEYWORD: \"Keyword Exclusion\",","\t//BLC_LOCALPATH: \"Local File Path Exclusion\",","\tBLC_ROBOTS: \"Robots Exclusion\",","\tBLC_SAMEPAGE: \"Same-page URL Exclusion\",","\tBLC_SCHEME: \"Scheme Exclusion\",","\tBLC_UNKNOWN: \"Unknown Error\",","\t","\tERRNO_ENOTFOUND: \"no matching dns record (ENOTFOUND)\"","};","","","","for (i in errno)","{","\treasons[\"ERRNO_\"+i] = errno[i].description +\" (\"+i+\")\";","}","","","","for (i in statusCodes)","{","\treasons[\"HTTP_\"+i] = statusCodes[i] +\" (\"+i+\")\";","}","","","","module.exports = ","{","\terrors: errors,","\treasons: reasons","};",""],"l":{"2":1,"3":1,"5":1,"7":1,"11":0,"12":0,"17":1,"36":1,"38":59,"43":1,"45":62,"50":1}},"/home/travis/build/npmtest/node-npmtest-broken-link-checker/node_modules/broken-link-checker/lib/public/HtmlChecker.js":{"path":"/home/travis/build/npmtest/node-npmtest-broken-link-checker/node_modules/broken-link-checker/lib/public/HtmlChecker.js","s":{"1":1,"2":1,"3":1,"4":1,"5":1,"6":1,"7":1,"8":1,"9":1,"10":1,"11":1,"12":0,"13":0,"14":0,"15":0,"16":0,"17":0,"18":0,"19":0,"20":1,"21":0,"22":1,"23":0,"24":1,"25":0,"26":1,"27":0,"28":1,"29":0,"30":1,"31":0,"32":0,"33":0,"34":0,"35":0,"36":0,"37":0,"38":0,"39":0,"40":0,"41":0,"42":0,"43":0,"44":0,"45":0,"46":0,"47":0,"48":0,"49":0,"50":1,"51":0,"52":1,"53":0,"54":0,"55":1,"56":0,"57":0,"58":0,"59":0,"60":0,"61":0,"62":0,"63":0,"64":0,"65":0,"66":0,"67":0,"68":0,"69":0,"70":0,"71":0,"72":0,"73":0,"74":1,"75":0,"76":0,"77":0,"78":0,"79":0,"80":0,"81":0,"82":0,"83":0,"84":0,"85":0,"86":0,"87":0,"88":0,"89":0,"90":0,"91":0,"92":0,"93":0,"94":0,"95":0,"96":0,"97":0,"98":0,"99":0,"100":0,"101":0,"102":0,"103":0,"104":0,"105":1,"106":0,"107":0,"108":0,"109":0,"110":0,"111":0,"112":1},"b":{"1":[0,0],"2":[0,0],"3":[0,0],"4":[0,0],"5":[0,0],"6":[0,0],"7":[0,0],"8":[0,0],"9":[0,0],"10":[0,0],"11":[0,0],"12":[0,0],"13":[0,0],"14":[0,0],"15":[0,0],"16":[0,0],"17":[0,0],"18":[0,0],"19":[0,0],"20":[0,0],"21":[0,0],"22":[0,0],"23":[0,0,0,0,0,0,0,0],"24":[0,0],"25":[0,0,0],"26":[0,0],"27":[0,0]},"f":{"1":0,"2":0,"3":0,"4":0,"5":0,"6":0,"7":0,"8":0,"9":0,"10":0,"11":0,"12":0,"13":0,"14":0,"15":0,"16":0},"fnMap":{"1":{"name":"HtmlChecker","line":17,"loc":{"start":{"line":17,"column":0},"end":{"line":18,"column":0}}},"2":{"name":"(anonymous_2)","line":28,"loc":{"start":{"line":28,"column":8},"end":{"line":29,"column":2}}},"3":{"name":"(anonymous_3)","line":32,"loc":{"start":{"line":32,"column":7},"end":{"line":33,"column":2}}},"4":{"name":"(anonymous_4)","line":45,"loc":{"start":{"line":45,"column":35},"end":{"line":46,"column":0}}},"5":{"name":"(anonymous_5)","line":52,"loc":{"start":{"line":52,"column":39},"end":{"line":53,"column":0}}},"6":{"name":"(anonymous_6)","line":59,"loc":{"start":{"line":59,"column":39},"end":{"line":60,"column":0}}},"7":{"name":"(anonymous_7)","line":66,"loc":{"start":{"line":66,"column":30},"end":{"line":67,"column":0}}},"8":{"name":"(anonymous_8)","line":73,"loc":{"start":{"line":73,"column":31},"end":{"line":74,"column":0}}},"9":{"name":"(anonymous_9)","line":80,"loc":{"start":{"line":80,"column":29},"end":{"line":81,"column":0}}},"10":{"name":"(anonymous_10)","line":97,"loc":{"start":{"line":97,"column":24},"end":{"line":98,"column":2}}},"11":{"name":"(anonymous_11)","line":102,"loc":{"start":{"line":102,"column":9},"end":{"line":103,"column":2}}},"12":{"name":"(anonymous_12)","line":128,"loc":{"start":{"line":128,"column":35},"end":{"line":129,"column":0}}},"13":{"name":"complete","line":139,"loc":{"start":{"line":139,"column":0},"end":{"line":140,"column":0}}},"14":{"name":"enqueueLink","line":148,"loc":{"start":{"line":148,"column":0},"end":{"line":149,"column":0}}},"15":{"name":"excludeLink","line":189,"loc":{"start":{"line":189,"column":0},"end":{"line":190,"column":0}}},"16":{"name":"reset","line":252,"loc":{"start":{"line":252,"column":0},"end":{"line":253,"column":0}}}},"statementMap":{"1":{"start":{"line":2,"column":0},"end":{"line":2,"column":50}},"2":{"start":{"line":3,"column":0},"end":{"line":3,"column":51}},"3":{"start":{"line":4,"column":0},"end":{"line":4,"column":52}},"4":{"start":{"line":5,"column":0},"end":{"line":5,"column":55}},"5":{"start":{"line":6,"column":0},"end":{"line":6,"column":53}},"6":{"start":{"line":8,"column":0},"end":{"line":8,"column":41}},"7":{"start":{"line":10,"column":0},"end":{"line":10,"column":36}},"8":{"start":{"line":11,"column":0},"end":{"line":11,"column":42}},"9":{"start":{"line":12,"column":0},"end":{"line":12,"column":46}},"10":{"start":{"line":13,"column":0},"end":{"line":13,"column":50}},"11":{"start":{"line":17,"column":0},"end":{"line":41,"column":1}},"12":{"start":{"line":19,"column":1},"end":{"line":19,"column":20}},"13":{"start":{"line":21,"column":1},"end":{"line":21,"column":13}},"14":{"start":{"line":23,"column":1},"end":{"line":23,"column":32}},"15":{"start":{"line":24,"column":1},"end":{"line":24,"column":48}},"16":{"start":{"line":26,"column":1},"end":{"line":40,"column":4}},"17":{"start":{"line":30,"column":3},"end":{"line":30,"column":48}},"18":{"start":{"line":35,"column":3},"end":{"line":38,"column":4}},"19":{"start":{"line":37,"column":4},"end":{"line":37,"column":22}},"20":{"start":{"line":45,"column":0},"end":{"line":48,"column":2}},"21":{"start":{"line":47,"column":1},"end":{"line":47,"column":37}},"22":{"start":{"line":52,"column":0},"end":{"line":55,"column":2}},"23":{"start":{"line":54,"column":1},"end":{"line":54,"column":41}},"24":{"start":{"line":59,"column":0},"end":{"line":62,"column":2}},"25":{"start":{"line":61,"column":1},"end":{"line":61,"column":41}},"26":{"start":{"line":66,"column":0},"end":{"line":69,"column":2}},"27":{"start":{"line":68,"column":1},"end":{"line":68,"column":32}},"28":{"start":{"line":73,"column":0},"end":{"line":76,"column":2}},"29":{"start":{"line":75,"column":1},"end":{"line":75,"column":33}},"30":{"start":{"line":80,"column":0},"end":{"line":124,"column":2}},"31":{"start":{"line":82,"column":1},"end":{"line":82,"column":10}},"32":{"start":{"line":83,"column":1},"end":{"line":83,"column":20}},"33":{"start":{"line":85,"column":1},"end":{"line":121,"column":2}},"34":{"start":{"line":88,"column":2},"end":{"line":91,"column":3}},"35":{"start":{"line":90,"column":3},"end":{"line":90,"column":71}},"36":{"start":{"line":93,"column":2},"end":{"line":93,"column":21}},"37":{"start":{"line":94,"column":2},"end":{"line":94,"column":25}},"38":{"start":{"line":95,"column":2},"end":{"line":95,"column":23}},"39":{"start":{"line":97,"column":2},"end":{"line":118,"column":5}},"40":{"start":{"line":99,"column":3},"end":{"line":99,"column":19}},"41":{"start":{"line":100,"column":3},"end":{"line":100,"column":47}},"42":{"start":{"line":104,"column":3},"end":{"line":104,"column":62}},"43":{"start":{"line":106,"column":3},"end":{"line":109,"column":4}},"44":{"start":{"line":108,"column":4},"end":{"line":108,"column":35}},"45":{"start":{"line":111,"column":3},"end":{"line":111,"column":25}},"46":{"start":{"line":114,"column":3},"end":{"line":117,"column":4}},"47":{"start":{"line":116,"column":4},"end":{"line":116,"column":22}},"48":{"start":{"line":120,"column":2},"end":{"line":120,"column":14}},"49":{"start":{"line":123,"column":1},"end":{"line":123,"column":14}},"50":{"start":{"line":128,"column":0},"end":{"line":131,"column":2}},"51":{"start":{"line":130,"column":1},"end":{"line":130,"column":37}},"52":{"start":{"line":139,"column":0},"end":{"line":144,"column":1}},"53":{"start":{"line":141,"column":1},"end":{"line":141,"column":17}},"54":{"start":{"line":143,"column":1},"end":{"line":143,"column":45}},"55":{"start":{"line":148,"column":0},"end":{"line":185,"column":1}},"56":{"start":{"line":150,"column":1},"end":{"line":150,"column":20}},"57":{"start":{"line":152,"column":1},"end":{"line":152,"column":59}},"58":{"start":{"line":154,"column":1},"end":{"line":154,"column":46}},"59":{"start":{"line":156,"column":1},"end":{"line":167,"column":2}},"60":{"start":{"line":158,"column":2},"end":{"line":158,"column":51}},"61":{"start":{"line":159,"column":2},"end":{"line":159,"column":23}},"62":{"start":{"line":160,"column":2},"end":{"line":160,"column":39}},"63":{"start":{"line":162,"column":2},"end":{"line":162,"column":22}},"64":{"start":{"line":164,"column":2},"end":{"line":164,"column":46}},"65":{"start":{"line":166,"column":2},"end":{"line":166,"column":9}},"66":{"start":{"line":169,"column":1},"end":{"line":169,"column":66}},"67":{"start":{"line":170,"column":1},"end":{"line":170,"column":23}},"68":{"start":{"line":172,"column":1},"end":{"line":172,"column":59}},"69":{"start":{"line":175,"column":1},"end":{"line":184,"column":2}},"70":{"start":{"line":177,"column":2},"end":{"line":177,"column":21}},"71":{"start":{"line":179,"column":2},"end":{"line":179,"column":100}},"72":{"start":{"line":181,"column":2},"end":{"line":181,"column":22}},"73":{"start":{"line":183,"column":2},"end":{"line":183,"column":46}},"74":{"start":{"line":189,"column":0},"end":{"line":248,"column":1}},"75":{"start":{"line":191,"column":1},"end":{"line":191,"column":34}},"76":{"start":{"line":192,"column":1},"end":{"line":192,"column":35}},"77":{"start":{"line":193,"column":1},"end":{"line":193,"column":33}},"78":{"start":{"line":194,"column":1},"end":{"line":194,"column":77}},"79":{"start":{"line":196,"column":1},"end":{"line":199,"column":2}},"80":{"start":{"line":198,"column":2},"end":{"line":198,"column":37}},"81":{"start":{"line":201,"column":1},"end":{"line":201,"column":47}},"82":{"start":{"line":201,"column":29},"end":{"line":201,"column":47}},"83":{"start":{"line":202,"column":1},"end":{"line":202,"column":100}},"84":{"start":{"line":202,"column":78},"end":{"line":202,"column":100}},"85":{"start":{"line":203,"column":1},"end":{"line":203,"column":100}},"86":{"start":{"line":203,"column":78},"end":{"line":203,"column":100}},"87":{"start":{"line":204,"column":1},"end":{"line":204,"column":100}},"88":{"start":{"line":204,"column":78},"end":{"line":204,"column":100}},"89":{"start":{"line":205,"column":1},"end":{"line":205,"column":109}},"90":{"start":{"line":205,"column":89},"end":{"line":205,"column":109}},"91":{"start":{"line":207,"column":1},"end":{"line":231,"column":2}},"92":{"start":{"line":209,"column":2},"end":{"line":212,"column":3}},"93":{"start":{"line":211,"column":3},"end":{"line":211,"column":23}},"94":{"start":{"line":214,"column":2},"end":{"line":225,"column":3}},"95":{"start":{"line":216,"column":3},"end":{"line":224,"column":4}},"96":{"start":{"line":223,"column":4},"end":{"line":223,"column":24}},"97":{"start":{"line":227,"column":2},"end":{"line":230,"column":3}},"98":{"start":{"line":229,"column":3},"end":{"line":229,"column":23}},"99":{"start":{"line":233,"column":1},"end":{"line":233,"column":99}},"100":{"start":{"line":233,"column":78},"end":{"line":233,"column":99}},"101":{"start":{"line":236,"column":1},"end":{"line":236,"column":65}},"102":{"start":{"line":238,"column":1},"end":{"line":241,"column":2}},"103":{"start":{"line":240,"column":2},"end":{"line":240,"column":24}},"104":{"start":{"line":247,"column":1},"end":{"line":247,"column":14}},"105":{"start":{"line":252,"column":0},"end":{"line":260,"column":1}},"106":{"start":{"line":254,"column":1},"end":{"line":254,"column":25}},"107":{"start":{"line":255,"column":1},"end":{"line":255,"column":30}},"108":{"start":{"line":256,"column":1},"end":{"line":256,"column":28}},"109":{"start":{"line":257,"column":1},"end":{"line":257,"column":30}},"110":{"start":{"line":258,"column":1},"end":{"line":258,"column":25}},"111":{"start":{"line":259,"column":1},"end":{"line":259,"column":24}},"112":{"start":{"line":264,"column":0},"end":{"line":264,"column":29}}},"branchMap":{"1":{"line":23,"type":"binary-expr","locations":[{"start":{"line":23,"column":17},"end":{"line":23,"column":25}},{"start":{"line":23,"column":29},"end":{"line":23,"column":31}}]},"2":{"line":35,"type":"if","locations":[{"start":{"line":35,"column":3},"end":{"line":35,"column":3}},{"start":{"line":35,"column":3},"end":{"line":35,"column":3}}]},"3":{"line":85,"type":"if","locations":[{"start":{"line":85,"column":1},"end":{"line":85,"column":1}},{"start":{"line":85,"column":1},"end":{"line":85,"column":1}}]},"4":{"line":88,"type":"if","locations":[{"start":{"line":88,"column":2},"end":{"line":88,"column":2}},{"start":{"line":88,"column":2},"end":{"line":88,"column":2}}]},"5":{"line":114,"type":"if","locations":[{"start":{"line":114,"column":3},"end":{"line":114,"column":3}},{"start":{"line":114,"column":3},"end":{"line":114,"column":3}}]},"6":{"line":114,"type":"binary-expr","locations":[{"start":{"line":114,"column":7},"end":{"line":114,"column":46}},{"start":{"line":114,"column":50},"end":{"line":114,"column":89}}]},"7":{"line":156,"type":"if","locations":[{"start":{"line":156,"column":1},"end":{"line":156,"column":1}},{"start":{"line":156,"column":1},"end":{"line":156,"column":1}}]},"8":{"line":175,"type":"if","locations":[{"start":{"line":175,"column":1},"end":{"line":175,"column":1}},{"start":{"line":175,"column":1},"end":{"line":175,"column":1}}]},"9":{"line":179,"type":"cond-expr","locations":[{"start":{"line":179,"column":70},"end":{"line":179,"column":83}},{"start":{"line":179,"column":86},"end":{"line":179,"column":99}}]},"10":{"line":196,"type":"if","locations":[{"start":{"line":196,"column":1},"end":{"line":196,"column":1}},{"start":{"line":196,"column":1},"end":{"line":196,"column":1}}]},"11":{"line":201,"type":"if","locations":[{"start":{"line":201,"column":1},"end":{"line":201,"column":1}},{"start":{"line":201,"column":1},"end":{"line":201,"column":1}}]},"12":{"line":202,"type":"if","locations":[{"start":{"line":202,"column":1},"end":{"line":202,"column":1}},{"start":{"line":202,"column":1},"end":{"line":202,"column":1}}]},"13":{"line":202,"type":"binary-expr","locations":[{"start":{"line":202,"column":5},"end":{"line":202,"column":49}},{"start":{"line":202,"column":55},"end":{"line":202,"column":76}}]},"14":{"line":203,"type":"if","locations":[{"start":{"line":203,"column":1},"end":{"line":203,"column":1}},{"start":{"line":203,"column":1},"end":{"line":203,"column":1}}]},"15":{"line":203,"type":"binary-expr","locations":[{"start":{"line":203,"column":5},"end":{"line":203,"column":49}},{"start":{"line":203,"column":55},"end":{"line":203,"column":75}}]},"16":{"line":204,"type":"if","locations":[{"start":{"line":204,"column":1},"end":{"line":204,"column":1}},{"start":{"line":204,"column":1},"end":{"line":204,"column":1}}]},"17":{"line":204,"type":"binary-expr","locations":[{"start":{"line":204,"column":5},"end":{"line":204,"column":51}},{"start":{"line":204,"column":55},"end":{"line":204,"column":75}}]},"18":{"line":205,"type":"if","locations":[{"start":{"line":205,"column":1},"end":{"line":205,"column":1}},{"start":{"line":205,"column":1},"end":{"line":205,"column":1}}]},"19":{"line":207,"type":"if","locations":[{"start":{"line":207,"column":1},"end":{"line":207,"column":1}},{"start":{"line":207,"column":1},"end":{"line":207,"column":1}}]},"20":{"line":209,"type":"if","locations":[{"start":{"line":209,"column":2},"end":{"line":209,"column":2}},{"start":{"line":209,"column":2},"end":{"line":209,"column":2}}]},"21":{"line":214,"type":"if","locations":[{"start":{"line":214,"column":2},"end":{"line":214,"column":2}},{"start":{"line":214,"column":2},"end":{"line":214,"column":2}}]},"22":{"line":216,"type":"if","locations":[{"start":{"line":216,"column":3},"end":{"line":216,"column":3}},{"start":{"line":216,"column":3},"end":{"line":216,"column":3}}]},"23":{"line":217,"type":"binary-expr","locations":[{"start":{"line":217,"column":8},"end":{"line":217,"column":23}},{"start":{"line":217,"column":32},"end":{"line":217,"column":48}},{"start":{"line":218,"column":8},"end":{"line":218,"column":25}},{"start":{"line":218,"column":32},"end":{"line":218,"column":48}},{"start":{"line":219,"column":8},"end":{"line":219,"column":28}},{"start":{"line":219,"column":32},"end":{"line":219,"column":49}},{"start":{"line":220,"column":8},"end":{"line":220,"column":25}},{"start":{"line":220,"column":32},"end":{"line":220,"column":51}}]},"24":{"line":227,"type":"if","locations":[{"start":{"line":227,"column":2},"end":{"line":227,"column":2}},{"start":{"line":227,"column":2},"end":{"line":227,"column":2}}]},"25":{"line":227,"type":"binary-expr","locations":[{"start":{"line":227,"column":6},"end":{"line":227,"column":27}},{"start":{"line":227,"column":31},"end":{"line":227,"column":56}},{"start":{"line":227,"column":60},"end":{"line":227,"column":106}}]},"26":{"line":233,"type":"if","locations":[{"start":{"line":233,"column":1},"end":{"line":233,"column":1}},{"start":{"line":233,"column":1},"end":{"line":233,"column":1}}]},"27":{"line":238,"type":"if","locations":[{"start":{"line":238,"column":1},"end":{"line":238,"column":1}},{"start":{"line":238,"column":1},"end":{"line":238,"column":1}}]}},"code":["\"use strict\";","var linkObj      = require(\"../internal/linkObj\");","var matchUrl     = require(\"../internal/matchUrl\");","var parseHtml    = require(\"../internal/parseHtml\");","var parseOptions = require(\"../internal/parseOptions\");","var scrapeHtml   = require(\"../internal/scrapeHtml\");","","var UrlChecker = require(\"./UrlChecker\");","","var isString = require(\"is-string\");","var linkTypes = require(\"link-types\").map;","var maybeCallback = require(\"maybe-callback\");","var RobotDirectives = require(\"robot-directives\");","","","","function HtmlChecker(options, handlers)","{","\tvar thisObj = this;","\t","\treset(this);","\t","\tthis.handlers = handlers || {};","\tthis.options = options = parseOptions(options);","\t","\tthis.urlChecker = new UrlChecker(this.options,","\t{","\t\tlink: function(result)","\t\t{","\t\t\tmaybeCallback(thisObj.handlers.link)(result);","\t\t},","\t\tend: function()","\t\t{","\t\t\t// If stream finished","\t\t\tif (thisObj.parsed === true)","\t\t\t{","\t\t\t\tcomplete(thisObj);","\t\t\t}","\t\t}","\t});","}","","","","HtmlChecker.prototype.clearCache = function()","{","\treturn this.urlChecker.clearCache();","};","","","","HtmlChecker.prototype.numActiveLinks = function()","{","\treturn this.urlChecker.numActiveLinks();","};","","","","HtmlChecker.prototype.numQueuedLinks = function()","{","\treturn this.urlChecker.numQueuedLinks();","};","","","","HtmlChecker.prototype.pause = function()","{","\treturn this.urlChecker.pause();","};","","","","HtmlChecker.prototype.resume = function()","{","\treturn this.urlChecker.resume();","};","","","","HtmlChecker.prototype.scan = function(html, baseUrl, robots)","{","\tvar tree;","\tvar thisObj = this;","\t","\tif (this.active === false)","\t{","\t\t// Prevent user error with undocumented arugment","\t\tif (robots instanceof RobotDirectives === false)","\t\t{","\t\t\trobots = new RobotDirectives({ userAgent: this.options.userAgent });","\t\t}","\t\t","\t\tthis.active = true;","\t\tthis.baseUrl = baseUrl;","\t\tthis.robots = robots;","\t\t","\t\tparseHtml(html).then( function(document)","\t\t{","\t\t\ttree = document;","\t\t\treturn scrapeHtml(document, thisObj.robots);","\t\t})","\t\t.then( function(links)","\t\t{","\t\t\tmaybeCallback(thisObj.handlers.html)(tree, thisObj.robots);","\t\t\t","\t\t\tfor (var i=0, numLinks=links.length; i<numLinks; i++)","\t\t\t{","\t\t\t\tenqueueLink(links[i], thisObj);","\t\t\t}","\t\t\t","\t\t\tthisObj.parsed = true;","\t\t\t","\t\t\t// If no links found or all links already checked","\t\t\tif (thisObj.urlChecker.numActiveLinks()===0 && thisObj.urlChecker.numQueuedLinks()===0)","\t\t\t{","\t\t\t\tcomplete(thisObj);","\t\t\t}","\t\t});","\t\t","\t\treturn true;","\t}","\t","\treturn false;","};","","","","HtmlChecker.prototype.__getCache = function()","{","\treturn this.urlChecker.__getCache();","};","","","","//::: PRIVATE FUNCTIONS","","","","function complete(instance)","{","\treset(instance);","\t","\tmaybeCallback(instance.handlers.complete)();","}","","","","function enqueueLink(link, instance)","{","\tvar excludedReason;","\t","\tlinkObj.resolve(link, instance.baseUrl, instance.options);","\t","\texcludedReason = excludeLink(link, instance);","\t","\tif (excludedReason !== false)","\t{","\t\tlink.html.offsetIndex = instance.excludedLinks++;","\t\tlink.excluded = true;","\t\tlink.excludedReason = excludedReason;","\t\t","\t\tlinkObj.clean(link);","\t\t","\t\tmaybeCallback(instance.handlers.junk)(link);","\t\t","\t\treturn;","\t}","\t","\tlink.html.offsetIndex = link.html.index - instance.excludedLinks;","\tlink.excluded = false;","\t","\tinstance.linkEnqueued = instance.urlChecker.enqueue(link);","\t","\t// TODO :: is this redundant? maybe use `linkObj.invalidate()` in `excludeLink()` ?","\tif (instance.linkEnqueued instanceof Error)","\t{","\t\tlink.broken = true;","\t\t// TODO :: update limited-request-queue to support path-only URLs","\t\tlink.brokenReason = instance.linkEnqueued.message===\"Invalid URI\" ? \"BLC_INVALID\" : \"BLC_UNKNOWN\";","\t\t","\t\tlinkObj.clean(link);","\t\t","\t\tmaybeCallback(instance.handlers.link)(link);","\t}","}","","","","function excludeLink(link, instance)","{","\tvar attrSupported,externalFilter;","\tvar attrName = link.html.attrName;","\tvar tagName = link.html.tagName;","\tvar tagGroup = instance.options.tags[instance.options.filterLevel][tagName];","\t","\tif (tagGroup != null)","\t{","\t\tattrSupported = tagGroup[attrName];","\t}","\t","\tif (attrSupported !== true) return \"BLC_HTML\";","\tif (instance.options.excludeExternalLinks===true   && link.internal===false) return \"BLC_EXTERNAL\";","\tif (instance.options.excludeInternalLinks===true   && link.internal===true)  return \"BLC_INTERNAL\";","\tif (instance.options.excludeLinksToSamePage===true && link.samePage===true)  return \"BLC_SAMEPAGE\";","\tif (instance.options.excludedSchemes[link.url.parsed.extra.protocolTruncated] === true) return \"BLC_SCHEME\";","\t","\tif (instance.options.honorRobotExclusions === true)","\t{","\t\tif (instance.robots.oneIs([ RobotDirectives.NOFOLLOW, RobotDirectives.NOINDEX ]) === true)","\t\t{","\t\t\treturn \"BLC_ROBOTS\";","\t\t}","\t\t","\t\tif (instance.robots.is(RobotDirectives.NOIMAGEINDEX) === true)","\t\t{","\t\t\tif (","\t\t\t    (tagName===\"img\"      && attrName===\"src\"   ) || ","\t\t\t    (tagName===\"input\"    && attrName===\"src\"   ) || ","\t\t\t    (tagName===\"menuitem\" && attrName===\"icon\"  ) || ","\t\t\t    (tagName===\"video\"    && attrName===\"poster\")","\t\t\t   )","\t\t\t{","\t\t\t\treturn \"BLC_ROBOTS\";","\t\t\t}","\t\t}","\t\t","\t\tif (link.html.attrs!=null && link.html.attrs.rel!=null && linkTypes(link.html.attrs.rel).nofollow===true)","\t\t{","\t\t\treturn \"BLC_ROBOTS\";","\t\t}","\t}","\t","\tif (matchUrl(link.url.resolved, instance.options.excludedKeywords) === true) return \"BLC_KEYWORD\";","\t","\t// Undocumented handler for custom constraints","\texternalFilter = maybeCallback(instance.handlers._filter)(link);","\t","\tif (isString(externalFilter) === true)","\t{","\t\treturn externalFilter;","\t}","\t/*else if (externalFilter === false)","\t{","\t\treturn \"BLC_CUSTOM\";","\t}*/","\t","\treturn false;","}","","","","function reset(instance)","{","\tinstance.active = false;","\tinstance.baseUrl = undefined;","\tinstance.excludedLinks = 0;","\tinstance.linkEnqueued = null;","\tinstance.parsed = false;","\tinstance.robots = null;","}","","","","module.exports = HtmlChecker;",""],"l":{"2":1,"3":1,"4":1,"5":1,"6":1,"8":1,"10":1,"11":1,"12":1,"13":1,"17":1,"19":0,"21":0,"23":0,"24":0,"26":0,"30":0,"35":0,"37":0,"45":1,"47":0,"52":1,"54":0,"59":1,"61":0,"66":1,"68":0,"73":1,"75":0,"80":1,"82":0,"83":0,"85":0,"88":0,"90":0,"93":0,"94":0,"95":0,"97":0,"99":0,"100":0,"104":0,"106":0,"108":0,"111":0,"114":0,"116":0,"120":0,"123":0,"128":1,"130":0,"139":1,"141":0,"143":0,"148":1,"150":0,"152":0,"154":0,"156":0,"158":0,"159":0,"160":0,"162":0,"164":0,"166":0,"169":0,"170":0,"172":0,"175":0,"177":0,"179":0,"181":0,"183":0,"189":1,"191":0,"192":0,"193":0,"194":0,"196":0,"198":0,"201":0,"202":0,"203":0,"204":0,"205":0,"207":0,"209":0,"211":0,"214":0,"216":0,"223":0,"227":0,"229":0,"233":0,"236":0,"238":0,"240":0,"247":0,"252":1,"254":0,"255":0,"256":0,"257":0,"258":0,"259":0,"264":1}},"/home/travis/build/npmtest/node-npmtest-broken-link-checker/node_modules/broken-link-checker/lib/internal/linkObj.js":{"path":"/home/travis/build/npmtest/node-npmtest-broken-link-checker/node_modules/broken-link-checker/lib/internal/linkObj.js","s":{"1":1,"2":1,"3":1,"4":1,"5":1,"6":0,"7":0,"8":0,"9":0,"10":0,"11":0,"12":1,"13":0,"14":0,"15":0,"16":0,"17":1,"18":0,"19":0,"20":0,"21":0,"22":0,"23":0,"24":0,"25":0,"26":0,"27":0,"28":0,"29":0,"30":1,"31":0,"32":0,"33":0,"34":0,"35":0,"36":0,"37":0,"38":0,"39":0,"40":0,"41":0,"42":0,"43":0,"44":0,"45":0,"46":0,"47":0,"48":0,"49":0,"50":0,"51":0,"52":0,"53":0,"54":0,"55":0,"56":0,"57":0,"58":0,"59":0,"60":0,"61":0,"62":0,"63":0,"64":0,"65":1,"66":0,"67":0,"68":0,"69":0,"70":0,"71":0,"72":0,"73":0,"74":0,"75":0,"76":0,"77":1,"78":0,"79":1},"b":{"1":[0,0],"2":[0,0],"3":[0,0],"4":[0,0],"5":[0,0],"6":[0,0],"7":[0,0],"8":[0,0],"9":[0,0],"10":[0,0],"11":[0,0],"12":[0,0],"13":[0,0],"14":[0,0],"15":[0,0],"16":[0,0],"17":[0,0],"18":[0,0],"19":[0,0],"20":[0,0],"21":[0,0],"22":[0,0],"23":[0,0]},"f":{"1":0,"2":0,"3":0,"4":0,"5":0,"6":0},"fnMap":{"1":{"name":"linkObj","line":9,"loc":{"start":{"line":9,"column":0},"end":{"line":10,"column":0}}},"2":{"name":"(anonymous_2)","line":78,"loc":{"start":{"line":78,"column":16},"end":{"line":79,"column":0}}},"3":{"name":"(anonymous_3)","line":92,"loc":{"start":{"line":92,"column":19},"end":{"line":93,"column":0}}},"4":{"name":"(anonymous_4)","line":124,"loc":{"start":{"line":124,"column":18},"end":{"line":125,"column":0}}},"5":{"name":"cloneObject","line":232,"loc":{"start":{"line":232,"column":0},"end":{"line":233,"column":0}}},"6":{"name":"parity","line":274,"loc":{"start":{"line":274,"column":0},"end":{"line":275,"column":0}}}},"statementMap":{"1":{"start":{"line":2,"column":0},"end":{"line":2,"column":36}},"2":{"start":{"line":3,"column":0},"end":{"line":3,"column":28}},"3":{"start":{"line":4,"column":0},"end":{"line":4,"column":31}},"4":{"start":{"line":6,"column":0},"end":{"line":6,"column":53}},"5":{"start":{"line":9,"column":0},"end":{"line":71,"column":1}},"6":{"start":{"line":11,"column":1},"end":{"line":14,"column":2}},"7":{"start":{"line":13,"column":2},"end":{"line":13,"column":13}},"8":{"start":{"line":16,"column":1},"end":{"line":64,"column":3}},"9":{"start":{"line":67,"column":1},"end":{"line":67,"column":75}},"10":{"start":{"line":68,"column":1},"end":{"line":68,"column":75}},"11":{"start
[...]
e":19,"column":1},"end":{"line":19,"column":13}},"12":{"start":{"line":21,"column":1},"end":{"line":21,"column":32}},"13":{"start":{"line":22,"column":1},"end":{"line":22,"column":48}},"14":{"start":{"line":24,"column":1},"end":{"line":24,"column":84}},"15":{"start":{"line":26,"column":1},"end":{"line":73,"column":4}},"16":{"start":{"line":34,"column":3},"end":{"line":34,"column":53}},"17":{"start":{"line":35,"column":3},"end":{"line":35,"column":30}},"18":{"start":{"line":36,"column":3},"end":{"line":36,"column":38}},"19":{"start":{"line":39,"column":3},"end":{"line":39,"column":36}},"20":{"start":{"line":41,"column":3},"end":{"line":61,"column":4}},"21":{"start":{"line":43,"column":4},"end":{"line":56,"column":7}},"22":{"start":{"line":45,"column":5},"end":{"line":45,"column":39}},"23":{"start":{"line":47,"column":5},"end":{"line":47,"column":79}},"24":{"start":{"line":55,"column":5},"end":{"line":55,"column":77}},"25":{"start":{"line":60,"column":4},"end":{"line":60,"column":76}},"26":{"start":{"line":66,"column":3},"end":{"line":66,"column":36}},"27":{"start":{"line":69,"column":3},"end":{"line":69,"column":18}},"28":{"start":{"line":71,"column":3},"end":{"line":71,"column":41}},"29":{"start":{"line":75,"column":1},"end":{"line":128,"column":4}},"30":{"start":{"line":80,"column":3},"end":{"line":89,"column":4}},"31":{"start":{"line":82,"column":4},"end":{"line":82,"column":53}},"32":{"start":{"line":84,"column":4},"end":{"line":88,"column":5}},"33":{"start":{"line":87,"column":5},"end":{"line":87,"column":69}},"34":{"start":{"line":91,"column":3},"end":{"line":91,"column":85}},"35":{"start":{"line":96,"column":3},"end":{"line":96,"column":42}},"36":{"start":{"line":100,"column":3},"end":{"line":100,"column":60}},"37":{"start":{"line":102,"column":3},"end":{"line":102,"column":49}},"38":{"start":{"line":106,"column":3},"end":{"line":106,"column":60}},"39":{"start":{"line":108,"column":3},"end":{"line":108,"column":49}},"40":{"start":{"line":112,"column":3},"end":{"line":112,"column":68}},"41":{"start":{"line":115,"column":3},"end":{"line":118,"column":4}},"42":{"start":{"line":117,"column":4},"end":{"line":117,"column":37}},"43":{"start":{"line":122,"column":3},"end":{"line":122,"column":117}},"44":{"start":{"line":126,"column":3},"end":{"line":126,"column":25}},"45":{"start":{"line":133,"column":0},"end":{"line":137,"column":2}},"46":{"start":{"line":136,"column":1},"end":{"line":136,"column":41}},"47":{"start":{"line":141,"column":0},"end":{"line":144,"column":2}},"48":{"start":{"line":143,"column":1},"end":{"line":143,"column":38}},"49":{"start":{"line":148,"column":0},"end":{"line":155,"column":2}},"50":{"start":{"line":150,"column":1},"end":{"line":154,"column":4}},"51":{"start":{"line":159,"column":0},"end":{"line":162,"column":2}},"52":{"start":{"line":161,"column":1},"end":{"line":161,"column":45}},"53":{"start":{"line":166,"column":0},"end":{"line":169,"column":2}},"54":{"start":{"line":168,"column":1},"end":{"line":168,"column":45}},"55":{"start":{"line":173,"column":0},"end":{"line":176,"column":2}},"56":{"start":{"line":175,"column":1},"end":{"line":175,"column":39}},"57":{"start":{"line":180,"column":0},"end":{"line":183,"column":2}},"58":{"start":{"line":182,"column":1},"end":{"line":182,"column":35}},"59":{"start":{"line":187,"column":0},"end":{"line":191,"column":2}},"60":{"start":{"line":189,"column":1},"end":{"line":189,"column":29}},"61":{"start":{"line":190,"column":1},"end":{"line":190,"column":34}},"62":{"start":{"line":195,"column":0},"end":{"line":199,"column":2}},"63":{"start":{"line":197,"column":1},"end":{"line":197,"column":30}},"64":{"start":{"line":198,"column":1},"end":{"line":198,"column":35}},"65":{"start":{"line":214,"column":0},"end":{"line":220,"column":1}},"66":{"start":{"line":217,"column":1},"end":{"line":217,"column":42}},"67":{"start":{"line":219,"column":1},"end":{"line":219,"column":50}},"68":{"start":{"line":224,"column":0},"end":{"line":236,"column":1}},"69":{"start":{"line":226,"column":1},"end":{"line":233,"column":2}},"70":{"start":{"line":229,"column":2},"end":{"line":232,"column":3}},"71":{"start":{"line":231,"column":3},"end":{"line":231,"column":100}},"72":{"start":{"line":235,"column":1},"end":{"line":235,"column":13}},"73":{"start":{"line":240,"column":0},"end":{"line":246,"column":1}},"74":{"start":{"line":242,"column":1},"end":{"line":245,"column":2}},"75":{"start":{"line":244,"column":2},"end":{"line":244,"column":22}},"76":{"start":{"line":250,"column":0},"end":{"line":303,"column":1}},"77":{"start":{"line":252,"column":1},"end":{"line":252,"column":40}},"78":{"start":{"line":255,"column":1},"end":{"line":266,"column":2}},"79":{"start":{"line":257,"column":2},"end":{"line":265,"column":3}},"80":{"start":{"line":263,"column":4},"end":{"line":263,"column":17}},"81":{"start":{"line":268,"column":1},"end":{"line":268,"column":93}},"82":{"start":{"line":270,"column":1},"end":{"line":273,"column":2}},"83":{"start":{"line":272,"column":2},"end":{"line":272,"column":47}},"84":{"start":{"line":275,"column":1},"end":{"line":284,"column":2}},"85":{"start":{"line":283,"column":2},"end":{"line":283,"column":15}},"86":{"start":{"line":286,"column":1},"end":{"line":298,"column":2}},"87":{"start":{"line":288,"column":2},"end":{"line":288,"column":43}},"88":{"start":{"line":290,"column":2},"end":{"line":295,"column":3}},"89":{"start":{"line":294,"column":3},"end":{"line":294,"column":57}},"90":{"start":{"line":297,"column":2},"end":{"line":297,"column":15}},"91":{"start":{"line":300,"column":1},"end":{"line":300,"column":54}},"92":{"start":{"line":302,"column":1},"end":{"line":302,"column":13}},"93":{"start":{"line":307,"column":0},"end":{"line":314,"column":1}},"94":{"start":{"line":309,"column":1},"end":{"line":309,"column":35}},"95":{"start":{"line":310,"column":1},"end":{"line":310,"column":29}},"96":{"start":{"line":311,"column":1},"end":{"line":311,"column":34}},"97":{"start":{"line":312,"column":1},"end":{"line":312,"column":34}},"98":{"start":{"line":313,"column":1},"end":{"line":313,"column":32}},"99":{"start":{"line":318,"column":0},"end":{"line":318,"column":29}}},"branchMap":{"1":{"line":21,"type":"binary-expr","locations":[{"start":{"line":21,"column":17},"end":{"line":21,"column":25}},{"start":{"line":21,"column":29},"end":{"line":21,"column":31}}]},"2":{"line":41,"type":"if","locations":[{"start":{"line":41,"column":3},"end":{"line":41,"column":3}},{"start":{"line":41,"column":3},"end":{"line":41,"column":3}}]},"3":{"line":80,"type":"if","locations":[{"start":{"line":80,"column":3},"end":{"line":80,"column":3}},{"start":{"line":80,"column":3},"end":{"line":80,"column":3}}]},"4":{"line":115,"type":"if","locations":[{"start":{"line":115,"column":3},"end":{"line":115,"column":3}},{"start":{"line":115,"column":3},"end":{"line":115,"column":3}}]},"5":{"line":226,"type":"if","locations":[{"start":{"line":226,"column":1},"end":{"line":226,"column":1}},{"start":{"line":226,"column":1},"end":{"line":226,"column":1}}]},"6":{"line":229,"type":"if","locations":[{"start":{"line":229,"column":2},"end":{"line":229,"column":2}},{"start":{"line":229,"column":2},"end":{"line":229,"column":2}}]},"7":{"line":242,"type":"if","locations":[{"start":{"line":242,"column":1},"end":{"line":242,"column":1}},{"start":{"line":242,"column":1},"end":{"line":242,"column":1}}]},"8":{"line":242,"type":"binary-expr","locations":[{"start":{"line":242,"column":5},"end":{"line":242,"column":25}},{"start":{"line":242,"column":29},"end":{"line":242,"column":62}}]},"9":{"line":255,"type":"if","locations":[{"start":{"line":255,"column":1},"end":{"line":255,"column":1}},{"start":{"line":255,"column":1},"end":{"line":255,"column":1}}]},"10":{"line":257,"type":"switch","locations":[{"start":{"line":259,"column":3},"end":{"line":259,"column":22}},{"start":{"line":260,"column":3},"end":{"line":260,"column":21}},{"start":{"line":261,"column":3},"end":{"line":264,"column":4}}]},"11":{"line":270,"type":"if","locations":[{"start":{"line":270,"column":1},"end":{"line":270,"column":1}},{"start":{"line":270,"column":1},"end":{"line":270,"column":1}}]},"12":{"line":275,"type":"if","locations":[{"start":{"line":275,"column":1},"end":{"line":275,"column":1}},{"start":{"line":275,"column":1},"end":{"line":275,"column":1}}]},"13":{"line":276,"type":"binary-expr","locations":[{"start":{"line":276,"column":6},"end":{"line":276,"column":28}},{"start":{"line":277,"column":6},"end":{"line":277,"column":26}},{"start":{"line":278,"column":6},"end":{"line":278,"column":28}},{"start":{"line":279,"column":6},"end":{"line":279,"column":63}},{"start":{"line":280,"column":6},"end":{"line":280,"column":41}}]},"14":{"line":286,"type":"if","locations":[{"start":{"line":286,"column":1},"end":{"line":286,"column":1}},{"start":{"line":286,"column":1},"end":{"line":286,"column":1}}]},"15":{"line":286,"type":"binary-expr","locations":[{"start":{"line":286,"column":5},"end":{"line":286,"column":30}},{"start":{"line":286,"column":34},"end":{"line":286,"column":91}}]}},"code":["\"use strict\";","var getRobotsTxt = require(\"../internal/getRobotsTxt\");","var matchUrl     = require(\"../internal/matchUrl\");","var parseOptions = require(\"../internal/parseOptions\");","var reasons      = require(\"../internal/messages\").reasons;","","var HtmlUrlChecker = require(\"./HtmlUrlChecker\");","","var maybeCallback = require(\"maybe-callback\");","var RequestQueue = require(\"limited-request-queue\");","var UrlCache = require(\"urlcache\");","","","","function SiteChecker(options, handlers)","{","\tvar thisObj = this;","\t","\treset(this);","\t","\tthis.handlers = handlers || {};","\tthis.options = options = parseOptions(options);","\t","\tthis.sitePagesChecked = new UrlCache({ expiryTime: this.options.cacheExpiryTime });","\t","\tthis.siteUrlQueue = new RequestQueue(","\t{","\t\tmaxSockets: 1,","\t\trateLimit: this.options.rateLimit","\t},","\t{","\t\titem: function(input, done)","\t\t{","\t\t\tthisObj.currentCustomData = input.data.customData;","\t\t\tthisObj.currentDone = done;","\t\t\tthisObj.currentSiteUrl = input.url;  // TODO :: strip after hostname?","\t\t\t","\t\t\t// Support checking sites multiple times","\t\t\tthisObj.sitePagesChecked.clear();","\t\t\t","\t\t\tif (options.honorRobotExclusions === true)","\t\t\t{","\t\t\t\tgetRobotsTxt(thisObj.currentSiteUrl, options).then( function(robots)","\t\t\t\t{","\t\t\t\t\tthisObj.currentRobotsTxt = robots;","\t\t\t\t\t","\t\t\t\t\tmaybeCallback(thisObj.handlers.robots)(robots, thisObj.currentCustomData);","\t\t\t\t/*})","\t\t\t\t.catch( function(error)","\t\t\t\t{","\t\t\t\t\tmaybeCallback(thisObj.handlers.robots)(error, null);","\t\t\t\t})","\t\t\t\t.then( function()","\t\t\t\t{*/","\t\t\t\t\tenqueuePage(thisObj, thisObj.currentSiteUrl, thisObj.currentCustomData);","\t\t\t\t});","\t\t\t}","\t\t\telse","\t\t\t{","\t\t\t\tenqueuePage(thisObj, thisObj.currentSiteUrl, thisObj.currentCustomData);","\t\t\t}","\t\t},","\t\tend: function()","\t\t{","\t\t\t// Reduce memory usage","\t\t\tthisObj.sitePagesChecked.clear();","\t\t\t","\t\t\t// Clear references for garbage collection","\t\t\treset(thisObj);","\t\t\t","\t\t\tmaybeCallback(thisObj.handlers.end)();","\t\t}","\t});","\t","\tthis.htmlUrlChecker = new HtmlUrlChecker(this.options,","\t{","\t\thtml: function(tree, robots, response, pageUrl, customData)","\t\t{","\t\t\t// If was redirected","\t\t\tif (response.url !== pageUrl)","\t\t\t{","\t\t\t\tthisObj.sitePagesChecked.set(response.url, true);","\t\t\t\t","\t\t\t\tfor (var i=0; i<response.redirects.length; i++)","\t\t\t\t{","\t\t\t\t\t// Avoid rechecking any redirected pages","\t\t\t\t\tthisObj.sitePagesChecked.set( response.redirects[i].url, true );","\t\t\t\t}","\t\t\t}","\t\t\t","\t\t\tmaybeCallback(thisObj.handlers.html)(tree, robots, response, pageUrl, customData);","\t\t},","\t\t_filter: function(result)  // undocumented handler","\t\t{","\t\t\t// Additional filters for excluding links","\t\t\treturn maybeCheckLink(thisObj, result);","\t\t},","\t\tjunk: function(result, customData)","\t\t{","\t\t\tmaybeCallback(thisObj.handlers.junk)(result, customData);","\t\t\t","\t\t\tmaybeEnqueuePage(thisObj, result, customData);","\t\t},","\t\tlink: function(result, customData)","\t\t{","\t\t\tmaybeCallback(thisObj.handlers.link)(result, customData);","\t\t\t","\t\t\tmaybeEnqueuePage(thisObj, result, customData);","\t\t},","\t\tpage: function(error, pageUrl, customData)","\t\t{","\t\t\tmaybeCallback(thisObj.handlers.page)(error, pageUrl, customData);","\t\t\t","\t\t\t// Only the first page should supply an error to \"site\" handler","\t\t\tif (thisObj.sitePagesChecked.length() <= 1)","\t\t\t{","\t\t\t\tthisObj.currentPageError = error;","\t\t\t}","\t\t},","\t\tend: function()","\t\t{","\t\t\tmaybeCallback(thisObj.handlers.site)(thisObj.currentPageError, thisObj.currentSiteUrl, thisObj.currentCustomData);","\t\t\t","\t\t\t// Auto-starts next site, if any","\t\t\t// If not, fires \"end\"","\t\t\tthisObj.currentDone();","\t\t}","\t});","}","","","","SiteChecker.prototype.clearCache = function()","{","\t// Does not clear `sitePagesChecked` because it would mess up any current scans","\treturn this.htmlUrlChecker.clearCache();","};","","","","SiteChecker.prototype.dequeue = function(id)","{","\treturn this.siteUrlQueue.dequeue(id);","};","","","","SiteChecker.prototype.enqueue = function(firstPageUrl, customData)","{","\treturn this.siteUrlQueue.enqueue(","\t{","\t\turl: firstPageUrl,","\t\tdata: { customData:customData }","\t});","};","","","","SiteChecker.prototype.numActiveLinks = function()","{","\treturn this.htmlUrlChecker.numActiveLinks();","};","","","","SiteChecker.prototype.numQueuedLinks = function()","{","\treturn this.htmlUrlChecker.numQueuedLinks();","};","","","","SiteChecker.prototype.numPages = function()","{","\treturn this.htmlUrlChecker.numPages();","};","","","","SiteChecker.prototype.numSites = function()","{","\treturn this.siteUrlQueue.length();","};","","","","SiteChecker.prototype.pause = function()","{","\tthis.htmlUrlChecker.pause();","\treturn this.siteUrlQueue.pause();","};","","","","SiteChecker.prototype.resume = function()","{","\tthis.htmlUrlChecker.resume();","\treturn this.siteUrlQueue.resume();","};","","","","/*SiteChecker.prototype.__getCache = function()","{","\treturn this.htmlUrlChecker.__getCache();","};*/","","","","//::: PRIVATE FUNCTIONS","","","","function enqueuePage(instance, url, customData)","{","\t// Avoid links to self within page","\tinstance.sitePagesChecked.set(url, true);","\t","\tinstance.htmlUrlChecker.enqueue(url, customData);","}","","","","function isAllowed(instance, link)","{","\tif (instance.options.honorRobotExclusions===true /*&& instance.currentRobotsTxt!=null*/)","\t{","\t\t// TODO :: remove condition when/if `linkObj.invalidate()` is used in `HtmlChecker`","\t\tif (link.url.resolved !== null)","\t\t{","\t\t\treturn instance.currentRobotsTxt.isAllowed(instance.options.userAgent, link.url.parsed.pathname);","\t\t}","\t}","\t","\treturn true;","}","","","","function maybeCheckLink(instance, link)","{","\tif (link.internal===true && isAllowed(instance, link)===false)","\t{","\t\treturn \"BLC_ROBOTS\";","\t}","}","","","","function maybeEnqueuePage(instance, link, customData)","{","\tvar attrSupported,i,redirects,tagGroup;","\t","\t// Skip specific links that were excluded from checks","\tif (link.excluded === true)","\t{","\t\tswitch (link.excludedReason)","\t\t{","\t\t\tcase \"BLC_KEYWORD\":","\t\t\tcase \"BLC_ROBOTS\":  // TODO :: catches rel=nofollow links but will also catch meta/header excluded links -- fine?","\t\t\tcase \"BLC_SCHEME\":","\t\t\t{","\t\t\t\treturn false;","\t\t\t}","\t\t}","\t}","\t","\ttagGroup = instance.options.tags.recursive[instance.options.filterLevel][link.html.tagName];","\t","\tif (tagGroup != null)","\t{","\t\tattrSupported = tagGroup[link.html.attrName];","\t}","\t","\tif (","\t   \t(attrSupported !== true) || ","\t   \t(link.broken === true) || ","\t   \t(link.internal !== true) || ","\t   \t(instance.sitePagesChecked.get(link.url.resolved) === true) || ","\t   \t(isAllowed(instance, link) === false)","\t   )","\t{","\t\treturn false;","\t}","\t","\tif (link.url.redirected!=null && instance.sitePagesChecked.get(link.url.redirected)===true)","\t{","\t\tredirects = link.http.response.redirects;","\t\t","\t\tfor (i=0; i<redirects.length; i++)","\t\t{","\t\t\t// Because the final redirected page has already been [recursively] checked,","\t\t\t// all redirects are stored as pages that have been checked","\t\t\tinstance.sitePagesChecked.set(redirects[i].url, true);","\t\t}","\t\t","\t\treturn false;","\t}","\t","\tenqueuePage(instance, link.url.resolved, customData);","\t","\treturn true;","}","","","","function reset(instance)","{","\tinstance.currentCustomData = null;","\tinstance.currentDone = null;","\tinstance.currentPageError = null;","\tinstance.currentRobotsTxt = null;","\tinstance.currentSiteUrl = null;","}","","","","module.exports = SiteChecker;",""],"l":{"2":1,"3":1,"4":1,"5":1,"7":1,"9":1,"10":1,"11":1,"15":1,"17":0,"19":0,"21":0,"22":0,"24":0,"26":0,"34":0,"35":0,"36":0,"39":0,"41":0,"43":0,"45":0,"47":0,"55":0,"60":0,"66":0,"69":0,"71":0,"75":0,"80":0,"82":0,"84":0,"87":0,"91":0,"96":0,"100":0,"102":0,"106":0,"108":0,"112":0,"115":0,"117":0,"122":0,"126":0,"133":1,"136":0,"141":1,"143":0,"148":1,"150":0,"159":1,"161":0,"166":1,"168":0,"173":1,"175":0,"180":1,"182":0,"187":1,"189":0,"190":0,"195":1,"197":0,"198":0,"214":1,"217":0,"219":0,"224":1,"226":0,"229":0,"231":0,"235":0,"240":1,"242":0,"244":0,"250":1,"252":0,"255":0,"257":0,"263":0,"268":0,"270":0,"272":0,"275":0,"283":0,"286":0,"288":0,"290":0,"294":0,"297":0,"300":0,"302":0,"307":1,"309":0,"310":0,"311":0,"312":0,"313":0,"318":1}},"/home/travis/build/npmtest/node-npmtest-broken-link-checker/node_modules/broken-link-checker/lib/internal/getRobotsTxt.js":{"path":"/home/travis/build/npmtest/node-npmtest-broken-link-checker/node_modules/broken-link-checker/lib/internal/getRobotsTxt.js","s":{"1":1,"2":1,"3":1,"4":1,"5":1,"6":1,"7":0,"8":0,"9":0,"10":0,"11":0,"12":0,"13":1},"b":{},"f":{"1":0},"fnMap":{"1":{"name":"getRobotsTxt","line":11,"loc":{"start":{"line":11,"column":0},"end":{"line":12,"column":0}}}},"statementMap":{"1":{"start":{"line":2,"column":0},"end":{"line":2,"column":40}},"2":{"start":{"line":3,"column":0},"end":{"line":3,"column":40}},"3":{"start":{"line":5,"column":0},"end":{"line":5,"column":29}},"4":{"start":{"line":6,"column":0},"end":{"line":6,"column":28}},"5":{"start":{"line":7,"column":0},"end":{"line":7,"column":31}},"6":{"start":{"line":11,"column":0},"end":{"line":29,"column":1}},"7":{"start":{"line":13,"column":1},"end":{"line":13,"column":25}},"8":{"start":{"line":16,"column":1},"end":{"line":16,"column":17}},"9":{"start":{"line":17,"column":1},"end":{"line":17,"column":41}},"10":{"start":{"line":18,"column":1},"end":{"line":18,"column":18}},"11":{"start":{"line":19,"column":1},"end":{"line":19,"column":19}},"12":{"start":{"line":21,"column":1},"end":{"line":28,"column":14}},"13":{"start":{"line":33,"column":0},"end":{"line":33,"column":30}}},"branchMap":{},"code":["\"use strict\";","var guard = require(\"robots-txt-guard\");","var parse = require(\"robots-txt-parse\");","","var bhttp = require(\"bhttp\");","var urllib = require(\"url\");","var urlobj = require(\"urlobj\");","","","","function getRobotsTxt(url, options)","{","\turl = urlobj.parse(url);","\t","\t// TODO :: this mutates the original (if was an object)","\turl.hash = null;","\turl.path = url.pathname = \"/robots.txt\";","\turl.query = null;","\turl.search = null;","\t","\treturn bhttp.get(urllib.format(url),  // TODO :: https://github.com/joepie91/node-bhttp/issues/3","\t{","\t\tdiscardResponse: true,","\t\theaders: { \"user-agent\":options.userAgent },","\t\tstream: true","\t})","\t.then(parse)","\t.then(guard);","}","","","","module.exports = getRobotsTxt;",""],"l":{"2":1,"3":1,"5":1,"6":1,"7":1,"11":1,"13":0,"16":0,"17":0,"18":0,"19":0,"21":0,"33":1}}}